{"F:\\SC\\fm\\prison\\src\\App.tsx": {"path":"F:\\SC\\fm\\prison\\src\\App.tsx","statementMap":{"0":{"start":{"line":4,"column":2},"end":{"line":31,"column":4}},"1":{"start":{"line":18,"column":23},"end":{"line":18,"column":45}}},"fnMap":{"0":{"name":"App","decl":{"start":{"line":3,"column":9},"end":{"line":3,"column":12}},"loc":{"start":{"line":3,"column":15},"end":{"line":32,"column":1}},"line":3},"1":{"name":"(anonymous_1)","decl":{"start":{"line":18,"column":17},"end":{"line":18,"column":18}},"loc":{"start":{"line":18,"column":23},"end":{"line":18,"column":45}},"line":18}},"branchMap":{},"s":{"0":0,"1":0},"f":{"0":0,"1":0},"b":{}}
,"F:\\SC\\fm\\prison\\src\\index.tsx": {"path":"F:\\SC\\fm\\prison\\src\\index.tsx","statementMap":{"0":{"start":{"line":6,"column":13},"end":{"line":8,"column":1}},"1":{"start":{"line":10,"column":0},"end":{"line":14,"column":2}}},"fnMap":{},"branchMap":{},"s":{"0":0,"1":0},"f":{},"b":{}}
,"F:\\SC\\fm\\prison\\src\\components\\DataExporter.tsx": {"path":"F:\\SC\\fm\\prison\\src\\components\\DataExporter.tsx","statementMap":{"0":{"start":{"line":9,"column":57},"end":{"line":28,"column":1}},"1":{"start":{"line":10,"column":2},"end":{"line":27,"column":4}}},"fnMap":{"0":{"name":"(anonymous_0)","decl":{"start":{"line":9,"column":57},"end":{"line":9,"column":58}},"loc":{"start":{"line":9,"column":85},"end":{"line":28,"column":1}},"line":9}},"branchMap":{},"s":{"0":0,"1":0},"f":{"0":0},"b":{}}
,"F:\\SC\\fm\\prison\\src\\components\\FishTank.tsx": {"path":"F:\\SC\\fm\\prison\\src\\components\\FishTank.tsx","statementMap":{"0":{"start":{"line":27,"column":49},"end":{"line":201,"column":1}},"1":{"start":{"line":32,"column":20},"end":{"line":32,"column":51}},"2":{"start":{"line":33,"column":26},"end":{"line":33,"column":46}},"3":{"start":{"line":34,"column":36},"end":{"line":34,"column":50}},"4":{"start":{"line":37,"column":2},"end":{"line":59,"column":34}},"5":{"start":{"line":38,"column":28},"end":{"line":38,"column":30}},"6":{"start":{"line":40,"column":4},"end":{"line":56,"column":7}},"7":{"start":{"line":41,"column":24},"end":{"line":41,"column":74}},"8":{"start":{"line":43,"column":6},"end":{"line":55,"column":7}},"9":{"start":{"line":43,"column":19},"end":{"line":43,"column":20}},"10":{"start":{"line":44,"column":8},"end":{"line":54,"column":11}},"11":{"start":{"line":58,"column":4},"end":{"line":58,"column":21}},"12":{"start":{"line":62,"column":2},"end":{"line":173,"column":39}},"13":{"start":{"line":63,"column":4},"end":{"line":63,"column":27}},"14":{"start":{"line":63,"column":20},"end":{"line":63,"column":27}},"15":{"start":{"line":65,"column":19},"end":{"line":65,"column":36}},"16":{"start":{"line":66,"column":4},"end":{"line":66,"column":24}},"17":{"start":{"line":66,"column":17},"end":{"line":66,"column":24}},"18":{"start":{"line":68,"column":16},"end":{"line":68,"column":39}},"19":{"start":{"line":69,"column":4},"end":{"line":69,"column":21}},"20":{"start":{"line":69,"column":14},"end":{"line":69,"column":21}},"21":{"start":{"line":71,"column":20},"end":{"line":170,"column":5}},"22":{"start":{"line":73,"column":6},"end":{"line":73,"column":47}},"23":{"start":{"line":74,"column":6},"end":{"line":74,"column":40}},"24":{"start":{"line":77,"column":6},"end":{"line":113,"column":8}},"25":{"start":{"line":78,"column":8},"end":{"line":112,"column":10}},"26":{"start":{"line":80,"column":21},"end":{"line":80,"column":37}},"27":{"start":{"line":81,"column":21},"end":{"line":81,"column":37}},"28":{"start":{"line":82,"column":22},"end":{"line":82,"column":29}},"29":{"start":{"line":83,"column":22},"end":{"line":83,"column":29}},"30":{"start":{"line":86,"column":10},"end":{"line":89,"column":11}},"31":{"start":{"line":87,"column":12},"end":{"line":87,"column":27}},"32":{"start":{"line":88,"column":12},"end":{"line":88,"column":54}},"33":{"start":{"line":90,"column":10},"end":{"line":93,"column":11}},"34":{"start":{"line":91,"column":12},"end":{"line":91,"column":27}},"35":{"start":{"line":92,"column":12},"end":{"line":92,"column":55}},"36":{"start":{"line":96,"column":10},"end":{"line":99,"column":11}},"37":{"start":{"line":97,"column":12},"end":{"line":97,"column":49}},"38":{"start":{"line":98,"column":12},"end":{"line":98,"column":49}},"39":{"start":{"line":102,"column":10},"end":{"line":102,"column":51}},"40":{"start":{"line":103,"column":10},"end":{"line":103,"column":51}},"41":{"start":{"line":105,"column":10},"end":{"line":111,"column":12}},"42":{"start":{"line":116,"column":6},"end":{"line":147,"column":9}},"43":{"start":{"line":117,"column":8},"end":{"line":117,"column":19}},"44":{"start":{"line":118,"column":8},"end":{"line":118,"column":38}},"45":{"start":{"line":121,"column":8},"end":{"line":121,"column":35}},"46":{"start":{"line":122,"column":8},"end":{"line":122,"column":24}},"47":{"start":{"line":123,"column":8},"end":{"line":123,"column":73}},"48":{"start":{"line":124,"column":8},"end":{"line":124,"column":19}},"49":{"start":{"line":127,"column":8},"end":{"line":127,"column":35}},"50":{"start":{"line":128,"column":8},"end":{"line":128,"column":24}},"51":{"start":{"line":129,"column":8},"end":{"line":129,"column":34}},"52":{"start":{"line":130,"column":8},"end":{"line":130,"column":53}},"53":{"start":{"line":131,"column":8},"end":{"line":131,"column":52}},"54":{"start":{"line":132,"column":8},"end":{"line":132,"column":24}},"55":{"start":{"line":133,"column":8},"end":{"line":133,"column":19}},"56":{"start":{"line":136,"column":8},"end":{"line":136,"column":32}},"57":{"start":{"line":137,"column":8},"end":{"line":137,"column":24}},"58":{"start":{"line":138,"column":8},"end":{"line":138,"column":84}},"59":{"start":{"line":139,"column":8},"end":{"line":139,"column":19}},"60":{"start":{"line":141,"column":8},"end":{"line":141,"column":32}},"61":{"start":{"line":142,"column":8},"end":{"line":142,"column":24}},"62":{"start":{"line":143,"column":8},"end":{"line":143,"column":84}},"63":{"start":{"line":144,"column":8},"end":{"line":144,"column":19}},"64":{"start":{"line":146,"column":8},"end":{"line":146,"column":22}},"65":{"start":{"line":150,"column":6},"end":{"line":167,"column":9}},"66":{"start":{"line":151,"column":8},"end":{"line":166,"column":11}},"67":{"start":{"line":152,"column":10},"end":{"line":152,"column":30}},"68":{"start":{"line":152,"column":23},"end":{"line":152,"column":30}},"69":{"start":{"line":154,"column":27},"end":{"line":156,"column":11}},"70":{"start":{"line":158,"column":10},"end":{"line":165,"column":11}},"71":{"start":{"line":159,"column":12},"end":{"line":159,"column":82}},"72":{"start":{"line":160,"column":12},"end":{"line":160,"column":30}},"73":{"start":{"line":161,"column":12},"end":{"line":161,"column":28}},"74":{"start":{"line":162,"column":12},"end":{"line":162,"column":41}},"75":{"start":{"line":163,"column":12},"end":{"line":163,"column":41}},"76":{"start":{"line":164,"column":12},"end":{"line":164,"column":25}},"77":{"start":{"line":169,"column":6},"end":{"line":169,"column":37}},"78":{"start":{"line":172,"column":4},"end":{"line":172,"column":14}},"79":{"start":{"line":175,"column":2},"end":{"line":200,"column":4}},"80":{"start":{"line":187,"column":25},"end":{"line":187,"column":49}}},"fnMap":{"0":{"name":"(anonymous_0)","decl":{"start":{"line":27,"column":49},"end":{"line":27,"column":50}},"loc":{"start":{"line":31,"column":6},"end":{"line":201,"column":1}},"line":31},"1":{"name":"(anonymous_1)","decl":{"start":{"line":37,"column":12},"end":{"line":37,"column":13}},"loc":{"start":{"line":37,"column":18},"end":{"line":59,"column":3}},"line":37},"2":{"name":"(anonymous_2)","decl":{"start":{"line":40,"column":23},"end":{"line":40,"column":24}},"loc":{"start":{"line":40,"column":35},"end":{"line":56,"column":5}},"line":40},"3":{"name":"(anonymous_3)","decl":{"start":{"line":62,"column":12},"end":{"line":62,"column":13}},"loc":{"start":{"line":62,"column":18},"end":{"line":173,"column":3}},"line":62},"4":{"name":"(anonymous_4)","decl":{"start":{"line":71,"column":20},"end":{"line":71,"column":21}},"loc":{"start":{"line":71,"column":26},"end":{"line":170,"column":5}},"line":71},"5":{"name":"(anonymous_5)","decl":{"start":{"line":77,"column":14},"end":{"line":77,"column":15}},"loc":{"start":{"line":78,"column":8},"end":{"line":112,"column":10}},"line":78},"6":{"name":"(anonymous_6)","decl":{"start":{"line":78,"column":21},"end":{"line":78,"column":22}},"loc":{"start":{"line":78,"column":29},"end":{"line":112,"column":9}},"line":78},"7":{"name":"(anonymous_7)","decl":{"start":{"line":116,"column":19},"end":{"line":116,"column":20}},"loc":{"start":{"line":116,"column":27},"end":{"line":147,"column":7}},"line":116},"8":{"name":"(anonymous_8)","decl":{"start":{"line":150,"column":19},"end":{"line":150,"column":20}},"loc":{"start":{"line":150,"column":33},"end":{"line":167,"column":7}},"line":150},"9":{"name":"(anonymous_9)","decl":{"start":{"line":151,"column":21},"end":{"line":151,"column":22}},"loc":{"start":{"line":151,"column":35},"end":{"line":166,"column":9}},"line":151},"10":{"name":"(anonymous_10)","decl":{"start":{"line":187,"column":19},"end":{"line":187,"column":20}},"loc":{"start":{"line":187,"column":25},"end":{"line":187,"column":49}},"line":187}},"branchMap":{"0":{"loc":{"start":{"line":29,"column":2},"end":{"line":29,"column":13}},"type":"default-arg","locations":[{"start":{"line":29,"column":10},"end":{"line":29,"column":13}}],"line":29},"1":{"loc":{"start":{"line":30,"column":2},"end":{"line":30,"column":14}},"type":"default-arg","locations":[{"start":{"line":30,"column":11},"end":{"line":30,"column":14}}],"line":30},"2":{"loc":{"start":{"line":63,"column":4},"end":{"line":63,"column":27}},"type":"if","locations":[{"start":{"line":63,"column":4},"end":{"line":63,"column":27}},{"start":{},"end":{}}],"line":63},"3":{"loc":{"start":{"line":66,"column":4},"end":{"line":66,"column":24}},"type":"if","locations":[{"start":{"line":66,"column":4},"end":{"line":66,"column":24}},{"start":{},"end":{}}],"line":66},"4":{"loc":{"start":{"line":69,"column":4},"end":{"line":69,"column":21}},"type":"if","locations":[{"start":{"line":69,"column":4},"end":{"line":69,"column":21}},{"start":{},"end":{}}],"line":69},"5":{"loc":{"start":{"line":86,"column":10},"end":{"line":89,"column":11}},"type":"if","locations":[{"start":{"line":86,"column":10},"end":{"line":89,"column":11}},{"start":{},"end":{}}],"line":86},"6":{"loc":{"start":{"line":86,"column":14},"end":{"line":86,"column":40}},"type":"binary-expr","locations":[{"start":{"line":86,"column":14},"end":{"line":86,"column":23}},{"start":{"line":86,"column":27},"end":{"line":86,"column":40}}],"line":86},"7":{"loc":{"start":{"line":90,"column":10},"end":{"line":93,"column":11}},"type":"if","locations":[{"start":{"line":90,"column":10},"end":{"line":93,"column":11}},{"start":{},"end":{}}],"line":90},"8":{"loc":{"start":{"line":90,"column":14},"end":{"line":90,"column":41}},"type":"binary-expr","locations":[{"start":{"line":90,"column":14},"end":{"line":90,"column":23}},{"start":{"line":90,"column":27},"end":{"line":90,"column":41}}],"line":90},"9":{"loc":{"start":{"line":96,"column":10},"end":{"line":99,"column":11}},"type":"if","locations":[{"start":{"line":96,"column":10},"end":{"line":99,"column":11}},{"start":{},"end":{}}],"line":96},"10":{"loc":{"start":{"line":152,"column":10},"end":{"line":152,"column":30}},"type":"if","locations":[{"start":{"line":152,"column":10},"end":{"line":152,"column":30}},{"start":{},"end":{}}],"line":152},"11":{"loc":{"start":{"line":158,"column":10},"end":{"line":165,"column":11}},"type":"if","locations":[{"start":{"line":158,"column":10},"end":{"line":165,"column":11}},{"start":{},"end":{}}],"line":158},"12":{"loc":{"start":{"line":158,"column":14},"end":{"line":158,"column":64}},"type":"binary-expr","locations":[{"start":{"line":158,"column":14},"end":{"line":158,"column":27}},{"start":{"line":158,"column":31},"end":{"line":158,"column":64}}],"line":158},"13":{"loc":{"start":{"line":190,"column":11},"end":{"line":190,"column":39}},"type":"cond-expr","locations":[{"start":{"line":190,"column":23},"end":{"line":190,"column":30}},{"start":{"line":190,"column":33},"end":{"line":190,"column":39}}],"line":190}},"s":{"0":0,"1":0,"2":0,"3":0,"4":0,"5":0,"6":0,"7":0,"8":0,"9":0,"10":0,"11":0,"12":0,"13":0,"14":0,"15":0,"16":0,"17":0,"18":0,"19":0,"20":0,"21":0,"22":0,"23":0,"24":0,"25":0,"26":0,"27":0,"28":0,"29":0,"30":0,"31":0,"32":0,"33":0,"34":0,"35":0,"36":0,"37":0,"38":0,"39":0,"40":0,"41":0,"42":0,"43":0,"44":0,"45":0,"46":0,"47":0,"48":0,"49":0,"50":0,"51":0,"52":0,"53":0,"54":0,"55":0,"56":0,"57":0,"58":0,"59":0,"60":0,"61":0,"62":0,"63":0,"64":0,"65":0,"66":0,"67":0,"68":0,"69":0,"70":0,"71":0,"72":0,"73":0,"74":0,"75":0,"76":0,"77":0,"78":0,"79":0,"80":0},"f":{"0":0,"1":0,"2":0,"3":0,"4":0,"5":0,"6":0,"7":0,"8":0,"9":0,"10":0},"b":{"0":[0],"1":[0],"2":[0,0],"3":[0,0],"4":[0,0],"5":[0,0],"6":[0,0],"7":[0,0],"8":[0,0],"9":[0,0],"10":[0,0],"11":[0,0],"12":[0,0],"13":[0,0]}}
,"F:\\SC\\fm\\prison\\src\\components\\FishTankDemo.tsx": {"path":"F:\\SC\\fm\\prison\\src\\components\\FishTankDemo.tsx","statementMap":{"0":{"start":{"line":5,"column":25},"end":{"line":41,"column":1}},"1":{"start":{"line":43,"column":38},"end":{"line":127,"column":1}},"2":{"start":{"line":44,"column":2},"end":{"line":126,"column":4}},"3":{"start":{"line":74,"column":16},"end":{"line":90,"column":22}}},"fnMap":{"0":{"name":"(anonymous_0)","decl":{"start":{"line":43,"column":38},"end":{"line":43,"column":39}},"loc":{"start":{"line":43,"column":44},"end":{"line":127,"column":1}},"line":43},"1":{"name":"(anonymous_1)","decl":{"start":{"line":73,"column":36},"end":{"line":73,"column":37}},"loc":{"start":{"line":74,"column":16},"end":{"line":90,"column":22}},"line":74}},"branchMap":{},"s":{"0":0,"1":0,"2":0,"3":0},"f":{"0":0,"1":0},"b":{}}
,"F:\\SC\\fm\\prison\\src\\components\\PermutationRunner.tsx": {"path":"F:\\SC\\fm\\prison\\src\\components\\PermutationRunner.tsx","statementMap":{"0":{"start":{"line":4,"column":43},"end":{"line":19,"column":1}},"1":{"start":{"line":5,"column":2},"end":{"line":18,"column":4}}},"fnMap":{"0":{"name":"(anonymous_0)","decl":{"start":{"line":4,"column":43},"end":{"line":4,"column":44}},"loc":{"start":{"line":4,"column":49},"end":{"line":19,"column":1}},"line":4}},"branchMap":{},"s":{"0":0,"1":0},"f":{"0":0},"b":{}}
,"F:\\SC\\fm\\prison\\src\\components\\Settings.tsx": {"path":"F:\\SC\\fm\\prison\\src\\components\\Settings.tsx","statementMap":{"0":{"start":{"line":4,"column":34},"end":{"line":19,"column":1}},"1":{"start":{"line":5,"column":2},"end":{"line":18,"column":4}}},"fnMap":{"0":{"name":"(anonymous_0)","decl":{"start":{"line":4,"column":34},"end":{"line":4,"column":35}},"loc":{"start":{"line":4,"column":40},"end":{"line":19,"column":1}},"line":4}},"branchMap":{},"s":{"0":0,"1":0},"f":{"0":0},"b":{}}
,"F:\\SC\\fm\\prison\\src\\components\\SimulationTabs.tsx": {"path":"F:\\SC\\fm\\prison\\src\\components\\SimulationTabs.tsx","statementMap":{"0":{"start":{"line":8,"column":40},"end":{"line":171,"column":1}},"1":{"start":{"line":17,"column":6},"end":{"line":17,"column":26}},"2":{"start":{"line":19,"column":31},"end":{"line":25,"column":3}},"3":{"start":{"line":20,"column":20},"end":{"line":20,"column":45}},"4":{"start":{"line":21,"column":20},"end":{"line":23,"column":32}},"5":{"start":{"line":22,"column":29},"end":{"line":22,"column":46}},"6":{"start":{"line":24,"column":4},"end":{"line":24,"column":35}},"7":{"start":{"line":27,"column":2},"end":{"line":170,"column":4}},"8":{"start":{"line":40,"column":16},"end":{"line":51,"column":24}},"9":{"start":{"line":47,"column":36},"end":{"line":47,"column":69}},"10":{"start":{"line":64,"column":44},"end":{"line":64,"column":83}},"11":{"start":{"line":78,"column":44},"end":{"line":78,"column":80}},"12":{"start":{"line":92,"column":44},"end":{"line":92,"column":74}},"13":{"start":{"line":106,"column":44},"end":{"line":106,"column":82}},"14":{"start":{"line":118,"column":29},"end":{"line":118,"column":44}},"15":{"start":{"line":140,"column":20},"end":{"line":147,"column":26}}},"fnMap":{"0":{"name":"(anonymous_0)","decl":{"start":{"line":8,"column":40},"end":{"line":8,"column":41}},"loc":{"start":{"line":8,"column":46},"end":{"line":171,"column":1}},"line":8},"1":{"name":"(anonymous_1)","decl":{"start":{"line":19,"column":31},"end":{"line":19,"column":32}},"loc":{"start":{"line":19,"column":55},"end":{"line":25,"column":3}},"line":19},"2":{"name":"(anonymous_2)","decl":{"start":{"line":22,"column":23},"end":{"line":22,"column":24}},"loc":{"start":{"line":22,"column":29},"end":{"line":22,"column":46}},"line":22},"3":{"name":"(anonymous_3)","decl":{"start":{"line":39,"column":33},"end":{"line":39,"column":34}},"loc":{"start":{"line":40,"column":16},"end":{"line":51,"column":24}},"line":40},"4":{"name":"(anonymous_4)","decl":{"start":{"line":47,"column":30},"end":{"line":47,"column":31}},"loc":{"start":{"line":47,"column":36},"end":{"line":47,"column":69}},"line":47},"5":{"name":"(anonymous_5)","decl":{"start":{"line":64,"column":31},"end":{"line":64,"column":32}},"loc":{"start":{"line":64,"column":44},"end":{"line":64,"column":83}},"line":64},"6":{"name":"(anonymous_6)","decl":{"start":{"line":78,"column":31},"end":{"line":78,"column":32}},"loc":{"start":{"line":78,"column":44},"end":{"line":78,"column":80}},"line":78},"7":{"name":"(anonymous_7)","decl":{"start":{"line":92,"column":31},"end":{"line":92,"column":32}},"loc":{"start":{"line":92,"column":44},"end":{"line":92,"column":74}},"line":92},"8":{"name":"(anonymous_8)","decl":{"start":{"line":106,"column":31},"end":{"line":106,"column":32}},"loc":{"start":{"line":106,"column":44},"end":{"line":106,"column":82}},"line":106},"9":{"name":"(anonymous_9)","decl":{"start":{"line":118,"column":23},"end":{"line":118,"column":24}},"loc":{"start":{"line":118,"column":29},"end":{"line":118,"column":44}},"line":118},"10":{"name":"(anonymous_10)","decl":{"start":{"line":139,"column":46},"end":{"line":139,"column":47}},"loc":{"start":{"line":140,"column":20},"end":{"line":147,"column":26}},"line":140}},"branchMap":{"0":{"loc":{"start":{"line":21,"column":20},"end":{"line":23,"column":32}},"type":"cond-expr","locations":[{"start":{"line":22,"column":8},"end":{"line":22,"column":47}},{"start":{"line":23,"column":8},"end":{"line":23,"column":32}}],"line":21},"1":{"loc":{"start":{"line":119,"column":24},"end":{"line":119,"column":68}},"type":"binary-expr","locations":[{"start":{"line":119,"column":24},"end":{"line":119,"column":33}},{"start":{"line":119,"column":37},"end":{"line":119,"column":68}}],"line":119},"2":{"loc":{"start":{"line":122,"column":15},"end":{"line":122,"column":58}},"type":"cond-expr","locations":[{"start":{"line":122,"column":27},"end":{"line":122,"column":39}},{"start":{"line":122,"column":42},"end":{"line":122,"column":58}}],"line":122},"3":{"loc":{"start":{"line":129,"column":7},"end":{"line":168,"column":7}},"type":"binary-expr","locations":[{"start":{"line":129,"column":7},"end":{"line":129,"column":17}},{"start":{"line":130,"column":8},"end":{"line":167,"column":15}}],"line":129}},"s":{"0":0,"1":0,"2":0,"3":0,"4":0,"5":0,"6":0,"7":0,"8":0,"9":0,"10":0,"11":0,"12":0,"13":0,"14":0,"15":0},"f":{"0":0,"1":0,"2":0,"3":0,"4":0,"5":0,"6":0,"7":0,"8":0,"9":0,"10":0},"b":{"0":[0,0],"1":[0,0],"2":[0,0],"3":[0,0]}}
,"F:\\SC\\fm\\prison\\src\\components\\StrategyManager.tsx": {"path":"F:\\SC\\fm\\prison\\src\\components\\StrategyManager.tsx","statementMap":{"0":{"start":{"line":4,"column":41},"end":{"line":19,"column":1}},"1":{"start":{"line":5,"column":2},"end":{"line":18,"column":4}}},"fnMap":{"0":{"name":"(anonymous_0)","decl":{"start":{"line":4,"column":41},"end":{"line":4,"column":42}},"loc":{"start":{"line":4,"column":47},"end":{"line":19,"column":1}},"line":4}},"branchMap":{},"s":{"0":0,"1":0},"f":{"0":0},"b":{}}
,"F:\\SC\\fm\\prison\\src\\components\\ThemeProvider.tsx": {"path":"F:\\SC\\fm\\prison\\src\\components\\ThemeProvider.tsx","statementMap":{"0":{"start":{"line":9,"column":21},"end":{"line":9,"column":75}},"1":{"start":{"line":11,"column":24},"end":{"line":17,"column":1}},"2":{"start":{"line":12,"column":18},"end":{"line":12,"column":42}},"3":{"start":{"line":13,"column":2},"end":{"line":15,"column":3}},"4":{"start":{"line":14,"column":4},"end":{"line":14,"column":68}},"5":{"start":{"line":16,"column":2},"end":{"line":16,"column":17}},"6":{"start":{"line":23,"column":59},"end":{"line":52,"column":1}},"7":{"start":{"line":24,"column":33},"end":{"line":24,"column":45}},"8":{"start":{"line":26,"column":2},"end":{"line":40,"column":14}},"9":{"start":{"line":28,"column":17},"end":{"line":28,"column":41}},"10":{"start":{"line":29,"column":4},"end":{"line":29,"column":43}},"11":{"start":{"line":30,"column":4},"end":{"line":30,"column":30}},"12":{"start":{"line":33,"column":27},"end":{"line":33,"column":77}},"13":{"start":{"line":34,"column":4},"end":{"line":39,"column":5}},"14":{"start":{"line":35,"column":6},"end":{"line":38,"column":8}},"15":{"start":{"line":42,"column":34},"end":{"line":45,"column":3}},"16":{"start":{"line":47,"column":2},"end":{"line":51,"column":4}}},"fnMap":{"0":{"name":"(anonymous_0)","decl":{"start":{"line":11,"column":24},"end":{"line":11,"column":25}},"loc":{"start":{"line":11,"column":30},"end":{"line":17,"column":1}},"line":11},"1":{"name":"(anonymous_1)","decl":{"start":{"line":23,"column":59},"end":{"line":23,"column":60}},"loc":{"start":{"line":23,"column":77},"end":{"line":52,"column":1}},"line":23},"2":{"name":"(anonymous_2)","decl":{"start":{"line":26,"column":12},"end":{"line":26,"column":13}},"loc":{"start":{"line":26,"column":18},"end":{"line":40,"column":3}},"line":26}},"branchMap":{"0":{"loc":{"start":{"line":13,"column":2},"end":{"line":15,"column":3}},"type":"if","locations":[{"start":{"line":13,"column":2},"end":{"line":15,"column":3}},{"start":{},"end":{}}],"line":13},"1":{"loc":{"start":{"line":34,"column":4},"end":{"line":39,"column":5}},"type":"if","locations":[{"start":{"line":34,"column":4},"end":{"line":39,"column":5}},{"start":{},"end":{}}],"line":34},"2":{"loc":{"start":{"line":37,"column":8},"end":{"line":37,"column":48}},"type":"cond-expr","locations":[{"start":{"line":37,"column":27},"end":{"line":37,"column":36}},{"start":{"line":37,"column":39},"end":{"line":37,"column":48}}],"line":37}},"s":{"0":0,"1":0,"2":0,"3":0,"4":0,"5":0,"6":0,"7":0,"8":0,"9":0,"10":0,"11":0,"12":0,"13":0,"14":0,"15":0,"16":0},"f":{"0":0,"1":0,"2":0},"b":{"0":[0,0],"1":[0,0],"2":[0,0]}}
,"F:\\SC\\fm\\prison\\src\\components\\Layout\\Header.tsx": {"path":"F:\\SC\\fm\\prison\\src\\components\\Layout\\Header.tsx","statementMap":{"0":{"start":{"line":15,"column":20},"end":{"line":24,"column":1}},"1":{"start":{"line":16,"column":41},"end":{"line":22,"column":3}},"2":{"start":{"line":23,"column":2},"end":{"line":23,"column":36}},"3":{"start":{"line":26,"column":19},"end":{"line":35,"column":1}},"4":{"start":{"line":27,"column":58},"end":{"line":33,"column":3}},"5":{"start":{"line":34,"column":2},"end":{"line":34,"column":31}},"6":{"start":{"line":37,"column":32},"end":{"line":140,"column":1}},"7":{"start":{"line":40,"column":6},"end":{"line":40,"column":18}},"8":{"start":{"line":41,"column":50},"end":{"line":41,"column":70}},"9":{"start":{"line":42,"column":80},"end":{"line":42,"column":101}},"10":{"start":{"line":44,"column":15},"end":{"line":44,"column":36}},"11":{"start":{"line":45,"column":16},"end":{"line":45,"column":38}},"12":{"start":{"line":46,"column":23},"end":{"line":46,"column":49}},"13":{"start":{"line":47,"column":26},"end":{"line":47,"column":61}},"14":{"start":{"line":49,"column":2},"end":{"line":139,"column":4}},"15":{"start":{"line":89,"column":16},"end":{"line":89,"column":48}},"16":{"start":{"line":89,"column":31},"end":{"line":89,"column":48}},"17":{"start":{"line":90,"column":16},"end":{"line":90,"column":53}},"18":{"start":{"line":90,"column":35},"end":{"line":90,"column":53}},"19":{"start":{"line":102,"column":29},"end":{"line":102,"column":74}},"20":{"start":{"line":113,"column":36},"end":{"line":113,"column":85}},"21":{"start":{"line":114,"column":16},"end":{"line":116,"column":17}},"22":{"start":{"line":115,"column":18},"end":{"line":115,"column":80}},"23":{"start":{"line":129,"column":14},"end":{"line":129,"column":39}}},"fnMap":{"0":{"name":"(anonymous_0)","decl":{"start":{"line":15,"column":20},"end":{"line":15,"column":21}},"loc":{"start":{"line":15,"column":39},"end":{"line":24,"column":1}},"line":15},"1":{"name":"(anonymous_1)","decl":{"start":{"line":26,"column":19},"end":{"line":26,"column":20}},"loc":{"start":{"line":26,"column":38},"end":{"line":35,"column":1}},"line":26},"2":{"name":"(anonymous_2)","decl":{"start":{"line":37,"column":32},"end":{"line":37,"column":33}},"loc":{"start":{"line":37,"column":38},"end":{"line":140,"column":1}},"line":37},"3":{"name":"(anonymous_3)","decl":{"start":{"line":88,"column":23},"end":{"line":88,"column":24}},"loc":{"start":{"line":88,"column":29},"end":{"line":91,"column":15}},"line":88},"4":{"name":"(anonymous_4)","decl":{"start":{"line":102,"column":23},"end":{"line":102,"column":24}},"loc":{"start":{"line":102,"column":29},"end":{"line":102,"column":74}},"line":102},"5":{"name":"(anonymous_5)","decl":{"start":{"line":112,"column":23},"end":{"line":112,"column":24}},"loc":{"start":{"line":112,"column":29},"end":{"line":117,"column":15}},"line":112},"6":{"name":"(anonymous_6)","decl":{"start":{"line":127,"column":21},"end":{"line":127,"column":22}},"loc":{"start":{"line":127,"column":27},"end":{"line":130,"column":13}},"line":127}},"branchMap":{"0":{"loc":{"start":{"line":23,"column":9},"end":{"line":23,"column":35}},"type":"binary-expr","locations":[{"start":{"line":23,"column":9},"end":{"line":23,"column":22}},{"start":{"line":23,"column":26},"end":{"line":23,"column":35}}],"line":23},"1":{"loc":{"start":{"line":34,"column":9},"end":{"line":34,"column":30}},"type":"binary-expr","locations":[{"start":{"line":34,"column":9},"end":{"line":34,"column":21}},{"start":{"line":34,"column":25},"end":{"line":34,"column":30}}],"line":34},"2":{"loc":{"start":{"line":46,"column":23},"end":{"line":46,"column":49}},"type":"binary-expr","locations":[{"start":{"line":46,"column":23},"end":{"line":46,"column":32}},{"start":{"line":46,"column":36},"end":{"line":46,"column":49}}],"line":46},"3":{"loc":{"start":{"line":47,"column":26},"end":{"line":47,"column":61}},"type":"cond-expr","locations":[{"start":{"line":47,"column":38},"end":{"line":47,"column":46}},{"start":{"line":47,"column":49},"end":{"line":47,"column":61}}],"line":47},"4":{"loc":{"start":{"line":62,"column":11},"end":{"line":80,"column":11}},"type":"binary-expr","locations":[{"start":{"line":62,"column":11},"end":{"line":62,"column":23}},{"start":{"line":63,"column":12},"end":{"line":79,"column":18}}],"line":62},"5":{"loc":{"start":{"line":86,"column":11},"end":{"line":97,"column":11}},"type":"binary-expr","locations":[{"start":{"line":86,"column":11},"end":{"line":86,"column":23}},{"start":{"line":87,"column":12},"end":{"line":96,"column":21}}],"line":86},"6":{"loc":{"start":{"line":89,"column":16},"end":{"line":89,"column":48}},"type":"if","locations":[{"start":{"line":89,"column":16},"end":{"line":89,"column":48}},{"start":{},"end":{}}],"line":89},"7":{"loc":{"start":{"line":90,"column":16},"end":{"line":90,"column":53}},"type":"if","locations":[{"start":{"line":90,"column":16},"end":{"line":90,"column":53}},{"start":{},"end":{}}],"line":90},"8":{"loc":{"start":{"line":100,"column":11},"end":{"line":108,"column":11}},"type":"binary-expr","locations":[{"start":{"line":100,"column":11},"end":{"line":100,"column":37}},{"start":{"line":100,"column":41},"end":{"line":100,"column":51}},{"start":{"line":101,"column":12},"end":{"line":107,"column":21}}],"line":100},"9":{"loc":{"start":{"line":110,"column":11},"end":{"line":123,"column":11}},"type":"binary-expr","locations":[{"start":{"line":110,"column":11},"end":{"line":110,"column":39}},{"start":{"line":110,"column":43},"end":{"line":110,"column":57}},{"start":{"line":111,"column":12},"end":{"line":122,"column":21}}],"line":110},"10":{"loc":{"start":{"line":114,"column":16},"end":{"line":116,"column":17}},"type":"if","locations":[{"start":{"line":114,"column":16},"end":{"line":116,"column":17}},{"start":{},"end":{}}],"line":114}},"s":{"0":0,"1":0,"2":0,"3":0,"4":0,"5":0,"6":0,"7":0,"8":0,"9":0,"10":0,"11":0,"12":0,"13":0,"14":0,"15":0,"16":0,"17":0,"18":0,"19":0,"20":0,"21":0,"22":0,"23":0},"f":{"0":0,"1":0,"2":0,"3":0,"4":0,"5":0,"6":0},"b":{"0":[0,0],"1":[0,0],"2":[0,0],"3":[0,0],"4":[0,0],"5":[0,0],"6":[0,0],"7":[0,0],"8":[0,0,0],"9":[0,0,0],"10":[0,0]}}
,"F:\\SC\\fm\\prison\\src\\components\\Layout\\MainLayout.tsx": {"path":"F:\\SC\\fm\\prison\\src\\components\\Layout\\MainLayout.tsx","statementMap":{"0":{"start":{"line":10,"column":53},"end":{"line":32,"column":1}},"1":{"start":{"line":11,"column":31},"end":{"line":11,"column":43}},"2":{"start":{"line":13,"column":2},"end":{"line":31,"column":4}}},"fnMap":{"0":{"name":"(anonymous_0)","decl":{"start":{"line":10,"column":53},"end":{"line":10,"column":54}},"loc":{"start":{"line":10,"column":71},"end":{"line":32,"column":1}},"line":10}},"branchMap":{"0":{"loc":{"start":{"line":20,"column":8},"end":{"line":20,"column":44}},"type":"cond-expr","locations":[{"start":{"line":20,"column":27},"end":{"line":20,"column":34}},{"start":{"line":20,"column":37},"end":{"line":20,"column":44}}],"line":20}},"s":{"0":0,"1":0,"2":0},"f":{"0":0},"b":{"0":[0,0]}}
,"F:\\SC\\fm\\prison\\src\\components\\Layout\\Sidebar.tsx": {"path":"F:\\SC\\fm\\prison\\src\\components\\Layout\\Sidebar.tsx","statementMap":{"0":{"start":{"line":14,"column":24},"end":{"line":63,"column":1}},"1":{"start":{"line":65,"column":33},"end":{"line":161,"column":1}},"2":{"start":{"line":72,"column":6},"end":{"line":72,"column":18}},"3":{"start":{"line":73,"column":26},"end":{"line":73,"column":36}},"4":{"start":{"line":75,"column":2},"end":{"line":160,"column":4}},"5":{"start":{"line":88,"column":25},"end":{"line":88,"column":63}},"6":{"start":{"line":98,"column":23},"end":{"line":98,"column":32}},"7":{"start":{"line":99,"column":27},"end":{"line":99,"column":48}},"8":{"start":{"line":101,"column":10},"end":{"line":119,"column":12}},"9":{"start":{"line":104,"column":29},"end":{"line":104,"column":50}},"10":{"start":{"line":142,"column":29},"end":{"line":142,"column":81}}},"fnMap":{"0":{"name":"(anonymous_0)","decl":{"start":{"line":65,"column":33},"end":{"line":65,"column":34}},"loc":{"start":{"line":65,"column":39},"end":{"line":161,"column":1}},"line":65},"1":{"name":"(anonymous_1)","decl":{"start":{"line":88,"column":19},"end":{"line":88,"column":20}},"loc":{"start":{"line":88,"column":25},"end":{"line":88,"column":63}},"line":88},"2":{"name":"(anonymous_2)","decl":{"start":{"line":97,"column":29},"end":{"line":97,"column":30}},"loc":{"start":{"line":97,"column":39},"end":{"line":120,"column":9}},"line":97},"3":{"name":"(anonymous_3)","decl":{"start":{"line":104,"column":23},"end":{"line":104,"column":24}},"loc":{"start":{"line":104,"column":29},"end":{"line":104,"column":50}},"line":104},"4":{"name":"(anonymous_4)","decl":{"start":{"line":142,"column":23},"end":{"line":142,"column":24}},"loc":{"start":{"line":142,"column":29},"end":{"line":142,"column":81}},"line":142}},"branchMap":{"0":{"loc":{"start":{"line":77,"column":6},"end":{"line":77,"column":40}},"type":"cond-expr","locations":[{"start":{"line":77,"column":25},"end":{"line":77,"column":31}},{"start":{"line":77,"column":34},"end":{"line":77,"column":40}}],"line":77},"1":{"loc":{"start":{"line":82,"column":9},"end":{"line":86,"column":9}},"type":"binary-expr","locations":[{"start":{"line":82,"column":9},"end":{"line":82,"column":26}},{"start":{"line":83,"column":10},"end":{"line":85,"column":15}}],"line":82},"2":{"loc":{"start":{"line":91,"column":11},"end":{"line":91,"column":84}},"type":"cond-expr","locations":[{"start":{"line":91,"column":30},"end":{"line":91,"column":56}},{"start":{"line":91,"column":59},"end":{"line":91,"column":84}}],"line":91},"3":{"loc":{"start":{"line":106,"column":16},"end":{"line":108,"column":94}},"type":"cond-expr","locations":[{"start":{"line":107,"column":20},"end":{"line":107,"column":79}},{"start":{"line":108,"column":20},"end":{"line":108,"column":94}}],"line":106},"4":{"loc":{"start":{"line":112,"column":15},"end":{"line":117,"column":15}},"type":"binary-expr","locations":[{"start":{"line":112,"column":15},"end":{"line":112,"column":32}},{"start":{"line":113,"column":16},"end":{"line":116,"column":22}}],"line":112},"5":{"loc":{"start":{"line":125,"column":9},"end":{"line":157,"column":9}},"type":"binary-expr","locations":[{"start":{"line":125,"column":9},"end":{"line":125,"column":26}},{"start":{"line":126,"column":10},"end":{"line":156,"column":16}}],"line":125},"6":{"loc":{"start":{"line":133,"column":15},"end":{"line":137,"column":15}},"type":"binary-expr","locations":[{"start":{"line":133,"column":15},"end":{"line":133,"column":32}},{"start":{"line":134,"column":16},"end":{"line":136,"column":23}}],"line":133},"7":{"loc":{"start":{"line":144,"column":16},"end":{"line":146,"column":124}},"type":"cond-expr","locations":[{"start":{"line":145,"column":20},"end":{"line":145,"column":86}},{"start":{"line":146,"column":20},"end":{"line":146,"column":124}}],"line":144},"8":{"loc":{"start":{"line":150,"column":15},"end":{"line":154,"column":15}},"type":"binary-expr","locations":[{"start":{"line":150,"column":15},"end":{"line":150,"column":32}},{"start":{"line":151,"column":16},"end":{"line":153,"column":23}}],"line":150},"9":{"loc":{"start":{"line":152,"column":19},"end":{"line":152,"column":69}},"type":"cond-expr","locations":[{"start":{"line":152,"column":34},"end":{"line":152,"column":49}},{"start":{"line":152,"column":52},"end":{"line":152,"column":69}}],"line":152}},"s":{"0":0,"1":0,"2":0,"3":0,"4":0,"5":0,"6":0,"7":0,"8":0,"9":0,"10":0},"f":{"0":0,"1":0,"2":0,"3":0,"4":0},"b":{"0":[0,0],"1":[0,0],"2":[0,0],"3":[0,0],"4":[0,0],"5":[0,0],"6":[0,0],"7":[0,0],"8":[0,0],"9":[0,0]}}
,"F:\\SC\\fm\\prison\\src\\components\\ui\\Button.tsx": {"path":"F:\\SC\\fm\\prison\\src\\components\\ui\\Button.tsx","statementMap":{"0":{"start":{"line":9,"column":45},"end":{"line":44,"column":1}},"1":{"start":{"line":15,"column":22},"end":{"line":15,"column":302}},"2":{"start":{"line":17,"column":19},"end":{"line":24,"column":3}},"3":{"start":{"line":26,"column":16},"end":{"line":31,"column":3}},"4":{"start":{"line":33,"column":2},"end":{"line":43,"column":4}}},"fnMap":{"0":{"name":"(anonymous_0)","decl":{"start":{"line":9,"column":45},"end":{"line":9,"column":46}},"loc":{"start":{"line":14,"column":6},"end":{"line":44,"column":1}},"line":14}},"branchMap":{"0":{"loc":{"start":{"line":11,"column":2},"end":{"line":11,"column":21}},"type":"default-arg","locations":[{"start":{"line":11,"column":12},"end":{"line":11,"column":21}}],"line":11},"1":{"loc":{"start":{"line":12,"column":2},"end":{"line":12,"column":18}},"type":"default-arg","locations":[{"start":{"line":12,"column":9},"end":{"line":12,"column":18}}],"line":12}},"s":{"0":0,"1":0,"2":0,"3":0,"4":0},"f":{"0":0},"b":{"0":[0],"1":[0]}}
,"F:\\SC\\fm\\prison\\src\\components\\ui\\Card.tsx": {"path":"F:\\SC\\fm\\prison\\src\\components\\ui\\Card.tsx","statementMap":{"0":{"start":{"line":6,"column":41},"end":{"line":14,"column":1}},"1":{"start":{"line":7,"column":2},"end":{"line":13,"column":4}},"2":{"start":{"line":18,"column":53},"end":{"line":20,"column":1}},"3":{"start":{"line":19,"column":2},"end":{"line":19,"column":79}},"4":{"start":{"line":24,"column":51},"end":{"line":28,"column":1}},"5":{"start":{"line":25,"column":2},"end":{"line":27,"column":7}},"6":{"start":{"line":32,"column":55},"end":{"line":34,"column":1}},"7":{"start":{"line":33,"column":2},"end":{"line":33,"column":58}}},"fnMap":{"0":{"name":"(anonymous_0)","decl":{"start":{"line":6,"column":41},"end":{"line":6,"column":42}},"loc":{"start":{"line":7,"column":2},"end":{"line":13,"column":4}},"line":7},"1":{"name":"(anonymous_1)","decl":{"start":{"line":18,"column":53},"end":{"line":18,"column":54}},"loc":{"start":{"line":19,"column":2},"end":{"line":19,"column":79}},"line":19},"2":{"name":"(anonymous_2)","decl":{"start":{"line":24,"column":51},"end":{"line":24,"column":52}},"loc":{"start":{"line":25,"column":2},"end":{"line":27,"column":7}},"line":25},"3":{"name":"(anonymous_3)","decl":{"start":{"line":32,"column":55},"end":{"line":32,"column":56}},"loc":{"start":{"line":33,"column":2},"end":{"line":33,"column":58}},"line":33}},"branchMap":{},"s":{"0":0,"1":0,"2":0,"3":0,"4":0,"5":0,"6":0,"7":0},"f":{"0":0,"1":0,"2":0,"3":0},"b":{}}
,"F:\\SC\\fm\\prison\\src\\components\\ui\\Input.tsx": {"path":"F:\\SC\\fm\\prison\\src\\components\\ui\\Input.tsx","statementMap":{"0":{"start":{"line":6,"column":43},"end":{"line":17,"column":1}},"1":{"start":{"line":7,"column":2},"end":{"line":16,"column":4}}},"fnMap":{"0":{"name":"(anonymous_0)","decl":{"start":{"line":6,"column":43},"end":{"line":6,"column":44}},"loc":{"start":{"line":6,"column":78},"end":{"line":17,"column":1}},"line":6}},"branchMap":{},"s":{"0":0,"1":0},"f":{"0":0},"b":{}}
,"F:\\SC\\fm\\prison\\src\\components\\ui\\Slider.tsx": {"path":"F:\\SC\\fm\\prison\\src\\components\\ui\\Slider.tsx","statementMap":{"0":{"start":{"line":14,"column":45},"end":{"line":48,"column":1}},"1":{"start":{"line":23,"column":23},"end":{"line":26,"column":3}},"2":{"start":{"line":24,"column":21},"end":{"line":24,"column":47}},"3":{"start":{"line":25,"column":4},"end":{"line":25,"column":30}},"4":{"start":{"line":28,"column":2},"end":{"line":47,"column":4}}},"fnMap":{"0":{"name":"(anonymous_0)","decl":{"start":{"line":14,"column":45},"end":{"line":14,"column":46}},"loc":{"start":{"line":22,"column":6},"end":{"line":48,"column":1}},"line":22},"1":{"name":"(anonymous_1)","decl":{"start":{"line":23,"column":23},"end":{"line":23,"column":24}},"loc":{"start":{"line":23,"column":67},"end":{"line":26,"column":3}},"line":23}},"branchMap":{"0":{"loc":{"start":{"line":17,"column":2},"end":{"line":17,"column":9}},"type":"default-arg","locations":[{"start":{"line":17,"column":8},"end":{"line":17,"column":9}}],"line":17},"1":{"loc":{"start":{"line":18,"column":2},"end":{"line":18,"column":11}},"type":"default-arg","locations":[{"start":{"line":18,"column":8},"end":{"line":18,"column":11}}],"line":18},"2":{"loc":{"start":{"line":19,"column":2},"end":{"line":19,"column":10}},"type":"default-arg","locations":[{"start":{"line":19,"column":9},"end":{"line":19,"column":10}}],"line":19},"3":{"loc":{"start":{"line":21,"column":2},"end":{"line":21,"column":18}},"type":"default-arg","locations":[{"start":{"line":21,"column":13},"end":{"line":21,"column":18}}],"line":21}},"s":{"0":0,"1":0,"2":0,"3":0,"4":0},"f":{"0":0,"1":0},"b":{"0":[0],"1":[0],"2":[0],"3":[0]}}
,"F:\\SC\\fm\\prison\\src\\stores\\permutationStore.ts": {"path":"F:\\SC\\fm\\prison\\src\\stores\\permutationStore.ts","statementMap":{"0":{"start":{"line":33,"column":39},"end":{"line":38,"column":1}},"1":{"start":{"line":40,"column":35},"end":{"line":172,"column":1}},"2":{"start":{"line":42,"column":19},"end":{"line":164,"column":5}},"3":{"start":{"line":46,"column":47},"end":{"line":54,"column":9}},"4":{"start":{"line":56,"column":8},"end":{"line":58,"column":12}},"5":{"start":{"line":56,"column":24},"end":{"line":58,"column":9}},"6":{"start":{"line":61,"column":33},"end":{"line":64,"column":9}},"7":{"start":{"line":61,"column":49},"end":{"line":64,"column":7}},"8":{"start":{"line":62,"column":53},"end":{"line":62,"column":64}},"9":{"start":{"line":66,"column":31},"end":{"line":66,"column":82}},"10":{"start":{"line":68,"column":46},"end":{"line":68,"column":86}},"11":{"start":{"line":71,"column":28},"end":{"line":71,"column":69}},"12":{"start":{"line":71,"column":57},"end":{"line":71,"column":68}},"13":{"start":{"line":72,"column":8},"end":{"line":72,"column":33}},"14":{"start":{"line":72,"column":26},"end":{"line":72,"column":33}},"15":{"start":{"line":74,"column":8},"end":{"line":74,"column":79}},"16":{"start":{"line":76,"column":8},"end":{"line":118,"column":9}},"17":{"start":{"line":78,"column":31},"end":{"line":78,"column":108}},"18":{"start":{"line":81,"column":10},"end":{"line":85,"column":14}},"19":{"start":{"line":81,"column":26},"end":{"line":85,"column":11}},"20":{"start":{"line":83,"column":14},"end":{"line":83,"column":59}},"21":{"start":{"line":88,"column":10},"end":{"line":98,"column":11}},"22":{"start":{"line":88,"column":23},"end":{"line":88,"column":24}},"23":{"start":{"line":90,"column":12},"end":{"line":90,"column":69}},"24":{"start":{"line":93,"column":36},"end":{"line":93,"column":65}},"25":{"start":{"line":94,"column":12},"end":{"line":94,"column":86}},"26":{"start":{"line":97,"column":12},"end":{"line":97,"column":40}},"27":{"start":{"line":97,"column":34},"end":{"line":97,"column":40}},"28":{"start":{"line":101,"column":10},"end":{"line":107,"column":14}},"29":{"start":{"line":101,"column":26},"end":{"line":107,"column":11}},"30":{"start":{"line":103,"column":14},"end":{"line":103,"column":61}},"31":{"start":{"line":110,"column":10},"end":{"line":116,"column":14}},"32":{"start":{"line":110,"column":26},"end":{"line":116,"column":11}},"33":{"start":{"line":112,"column":14},"end":{"line":112,"column":58}},"34":{"start":{"line":117,"column":10},"end":{"line":117,"column":22}},"35":{"start":{"line":121,"column":29},"end":{"line":121,"column":54}},"36":{"start":{"line":124,"column":28},"end":{"line":124,"column":69}},"37":{"start":{"line":124,"column":57},"end":{"line":124,"column":68}},"38":{"start":{"line":125,"column":8},"end":{"line":135,"column":9}},"39":{"start":{"line":126,"column":48},"end":{"line":133,"column":11}},"40":{"start":{"line":134,"column":10},"end":{"line":134,"column":82}},"41":{"start":{"line":134,"column":26},"end":{"line":134,"column":79}},"42":{"start":{"line":139,"column":28},"end":{"line":139,"column":69}},"43":{"start":{"line":139,"column":57},"end":{"line":139,"column":68}},"44":{"start":{"line":140,"column":8},"end":{"line":149,"column":9}},"45":{"start":{"line":141,"column":26},"end":{"line":141,"column":62}},"46":{"start":{"line":142,"column":27},"end":{"line":142,"column":76}},"47":{"start":{"line":143,"column":22},"end":{"line":143,"column":51}},"48":{"start":{"line":144,"column":23},"end":{"line":144,"column":50}},"49":{"start":{"line":145,"column":10},"end":{"line":145,"column":26}},"50":{"start":{"line":146,"column":10},"end":{"line":146,"column":74}},"51":{"start":{"line":147,"column":10},"end":{"line":147,"column":23}},"52":{"start":{"line":148,"column":10},"end":{"line":148,"column":35}},"53":{"start":{"line":153,"column":8},"end":{"line":162,"column":9}},"54":{"start":{"line":154,"column":49},"end":{"line":154,"column":65}},"55":{"start":{"line":155,"column":10},"end":{"line":155,"column":48}},"56":{"start":{"line":156,"column":10},"end":{"line":156,"column":45}},"57":{"start":{"line":157,"column":10},"end":{"line":157,"column":41}},"58":{"start":{"line":158,"column":10},"end":{"line":158,"column":32}},"59":{"start":{"line":159,"column":10},"end":{"line":159,"column":83}},"60":{"start":{"line":159,"column":26},"end":{"line":159,"column":80}},"61":{"start":{"line":161,"column":10},"end":{"line":161,"column":61}},"62":{"start":{"line":167,"column":30},"end":{"line":169,"column":7}},"63":{"start":{"line":176,"column":30},"end":{"line":176,"column":32}},"64":{"start":{"line":179,"column":22},"end":{"line":179,"column":120}},"65":{"start":{"line":180,"column":23},"end":{"line":180,"column":125}},"66":{"start":{"line":181,"column":24},"end":{"line":181,"column":158}},"67":{"start":{"line":182,"column":20},"end":{"line":182,"column":142}},"68":{"start":{"line":183,"column":24},"end":{"line":183,"column":154}},"69":{"start":{"line":184,"column":20},"end":{"line":184,"column":146}},"70":{"start":{"line":187,"column":2},"end":{"line":207,"column":3}},"71":{"start":{"line":188,"column":4},"end":{"line":206,"column":5}},"72":{"start":{"line":189,"column":6},"end":{"line":205,"column":7}},"73":{"start":{"line":190,"column":8},"end":{"line":204,"column":9}},"74":{"start":{"line":191,"column":10},"end":{"line":203,"column":11}},"75":{"start":{"line":192,"column":12},"end":{"line":202,"column":13}},"76":{"start":{"line":193,"column":14},"end":{"line":201,"column":17}},"77":{"start":{"line":209,"column":2},"end":{"line":209,"column":22}}},"fnMap":{"0":{"name":"(anonymous_0)","decl":{"start":{"line":42,"column":4},"end":{"line":42,"column":5}},"loc":{"start":{"line":42,"column":19},"end":{"line":164,"column":5}},"line":42},"1":{"name":"(anonymous_1)","decl":{"start":{"line":45,"column":25},"end":{"line":45,"column":26}},"loc":{"start":{"line":45,"column":59},"end":{"line":59,"column":7}},"line":45},"2":{"name":"(anonymous_2)","decl":{"start":{"line":56,"column":12},"end":{"line":56,"column":13}},"loc":{"start":{"line":56,"column":24},"end":{"line":58,"column":9}},"line":56},"3":{"name":"(anonymous_3)","decl":{"start":{"line":61,"column":25},"end":{"line":61,"column":26}},"loc":{"start":{"line":61,"column":33},"end":{"line":64,"column":9}},"line":61},"4":{"name":"(anonymous_4)","decl":{"start":{"line":61,"column":37},"end":{"line":61,"column":38}},"loc":{"start":{"line":61,"column":49},"end":{"line":64,"column":7}},"line":61},"5":{"name":"(anonymous_5)","decl":{"start":{"line":62,"column":48},"end":{"line":62,"column":49}},"loc":{"start":{"line":62,"column":53},"end":{"line":62,"column":64}},"line":62},"6":{"name":"(anonymous_6)","decl":{"start":{"line":66,"column":25},"end":{"line":66,"column":26}},"loc":{"start":{"line":66,"column":31},"end":{"line":66,"column":82}},"line":66},"7":{"name":"(anonymous_7)","decl":{"start":{"line":68,"column":29},"end":{"line":68,"column":30}},"loc":{"start":{"line":68,"column":46},"end":{"line":68,"column":86}},"line":68},"8":{"name":"(anonymous_8)","decl":{"start":{"line":70,"column":22},"end":{"line":70,"column":23}},"loc":{"start":{"line":70,"column":44},"end":{"line":119,"column":7}},"line":70},"9":{"name":"(anonymous_9)","decl":{"start":{"line":71,"column":52},"end":{"line":71,"column":53}},"loc":{"start":{"line":71,"column":57},"end":{"line":71,"column":68}},"line":71},"10":{"name":"(anonymous_10)","decl":{"start":{"line":81,"column":14},"end":{"line":81,"column":15}},"loc":{"start":{"line":81,"column":26},"end":{"line":85,"column":11}},"line":81},"11":{"name":"(anonymous_11)","decl":{"start":{"line":82,"column":49},"end":{"line":82,"column":50}},"loc":{"start":{"line":83,"column":14},"end":{"line":83,"column":59}},"line":83},"12":{"name":"(anonymous_12)","decl":{"start":{"line":101,"column":14},"end":{"line":101,"column":15}},"loc":{"start":{"line":101,"column":26},"end":{"line":107,"column":11}},"line":101},"13":{"name":"(anonymous_13)","decl":{"start":{"line":102,"column":49},"end":{"line":102,"column":50}},"loc":{"start":{"line":103,"column":14},"end":{"line":103,"column":61}},"line":103},"14":{"name":"(anonymous_14)","decl":{"start":{"line":110,"column":14},"end":{"line":110,"column":15}},"loc":{"start":{"line":110,"column":26},"end":{"line":116,"column":11}},"line":110},"15":{"name":"(anonymous_15)","decl":{"start":{"line":111,"column":49},"end":{"line":111,"column":50}},"loc":{"start":{"line":112,"column":14},"end":{"line":112,"column":58}},"line":112},"16":{"name":"(anonymous_16)","decl":{"start":{"line":121,"column":23},"end":{"line":121,"column":24}},"loc":{"start":{"line":121,"column":29},"end":{"line":121,"column":54}},"line":121},"17":{"name":"(anonymous_17)","decl":{"start":{"line":123,"column":28},"end":{"line":123,"column":29}},"loc":{"start":{"line":123,"column":36},"end":{"line":136,"column":7}},"line":123},"18":{"name":"(anonymous_18)","decl":{"start":{"line":124,"column":52},"end":{"line":124,"column":53}},"loc":{"start":{"line":124,"column":57},"end":{"line":124,"column":68}},"line":124},"19":{"name":"(anonymous_19)","decl":{"start":{"line":134,"column":14},"end":{"line":134,"column":15}},"loc":{"start":{"line":134,"column":26},"end":{"line":134,"column":79}},"line":134},"20":{"name":"(anonymous_20)","decl":{"start":{"line":138,"column":25},"end":{"line":138,"column":26}},"loc":{"start":{"line":138,"column":33},"end":{"line":150,"column":7}},"line":138},"21":{"name":"(anonymous_21)","decl":{"start":{"line":139,"column":52},"end":{"line":139,"column":53}},"loc":{"start":{"line":139,"column":57},"end":{"line":139,"column":68}},"line":139},"22":{"name":"(anonymous_22)","decl":{"start":{"line":152,"column":25},"end":{"line":152,"column":26}},"loc":{"start":{"line":152,"column":35},"end":{"line":163,"column":7}},"line":152},"23":{"name":"(anonymous_23)","decl":{"start":{"line":159,"column":14},"end":{"line":159,"column":15}},"loc":{"start":{"line":159,"column":26},"end":{"line":159,"column":80}},"line":159},"24":{"name":"(anonymous_24)","decl":{"start":{"line":167,"column":18},"end":{"line":167,"column":19}},"loc":{"start":{"line":167,"column":30},"end":{"line":169,"column":7}},"line":167},"25":{"name":"generateParameterCombinations","decl":{"start":{"line":175,"column":9},"end":{"line":175,"column":38}},"loc":{"start":{"line":175,"column":80},"end":{"line":210,"column":1}},"line":175}},"branchMap":{"0":{"loc":{"start":{"line":63,"column":28},"end":{"line":63,"column":97}},"type":"cond-expr","locations":[{"start":{"line":63,"column":66},"end":{"line":63,"column":70}},{"start":{"line":63,"column":73},"end":{"line":63,"column":97}}],"line":63},"1":{"loc":{"start":{"line":72,"column":8},"end":{"line":72,"column":33}},"type":"if","locations":[{"start":{"line":72,"column":8},"end":{"line":72,"column":33}},{"start":{},"end":{}}],"line":72},"2":{"loc":{"start":{"line":83,"column":14},"end":{"line":83,"column":59}},"type":"cond-expr","locations":[{"start":{"line":83,"column":28},"end":{"line":83,"column":55}},{"start":{"line":83,"column":58},"end":{"line":83,"column":59}}],"line":83},"3":{"loc":{"start":{"line":97,"column":12},"end":{"line":97,"column":40}},"type":"if","locations":[{"start":{"line":97,"column":12},"end":{"line":97,"column":40}},{"start":{},"end":{}}],"line":97},"4":{"loc":{"start":{"line":103,"column":14},"end":{"line":103,"column":61}},"type":"cond-expr","locations":[{"start":{"line":103,"column":28},"end":{"line":103,"column":57}},{"start":{"line":103,"column":60},"end":{"line":103,"column":61}}],"line":103},"5":{"loc":{"start":{"line":112,"column":14},"end":{"line":112,"column":58}},"type":"cond-expr","locations":[{"start":{"line":112,"column":28},"end":{"line":112,"column":54}},{"start":{"line":112,"column":57},"end":{"line":112,"column":58}}],"line":112},"6":{"loc":{"start":{"line":125,"column":8},"end":{"line":135,"column":9}},"type":"if","locations":[{"start":{"line":125,"column":8},"end":{"line":135,"column":9}},{"start":{},"end":{}}],"line":125},"7":{"loc":{"start":{"line":140,"column":8},"end":{"line":149,"column":9}},"type":"if","locations":[{"start":{"line":140,"column":8},"end":{"line":149,"column":9}},{"start":{},"end":{}}],"line":140},"8":{"loc":{"start":{"line":179,"column":22},"end":{"line":179,"column":120}},"type":"cond-expr","locations":[{"start":{"line":179,"column":41},"end":{"line":179,"column":97}},{"start":{"line":179,"column":100},"end":{"line":179,"column":120}}],"line":179},"9":{"loc":{"start":{"line":180,"column":23},"end":{"line":180,"column":125}},"type":"cond-expr","locations":[{"start":{"line":180,"column":43},"end":{"line":180,"column":101}},{"start":{"line":180,"column":104},"end":{"line":180,"column":125}}],"line":180},"10":{"loc":{"start":{"line":181,"column":24},"end":{"line":181,"column":158}},"type":"cond-expr","locations":[{"start":{"line":181,"column":52},"end":{"line":181,"column":126}},{"start":{"line":181,"column":129},"end":{"line":181,"column":158}}],"line":181},"11":{"loc":{"start":{"line":182,"column":20},"end":{"line":182,"column":142}},"type":"cond-expr","locations":[{"start":{"line":182,"column":45},"end":{"line":182,"column":113}},{"start":{"line":182,"column":116},"end":{"line":182,"column":142}}],"line":182},"12":{"loc":{"start":{"line":183,"column":24},"end":{"line":183,"column":154}},"type":"cond-expr","locations":[{"start":{"line":183,"column":51},"end":{"line":183,"column":123}},{"start":{"line":183,"column":126},"end":{"line":183,"column":154}}],"line":183},"13":{"loc":{"start":{"line":184,"column":20},"end":{"line":184,"column":146}},"type":"cond-expr","locations":[{"start":{"line":184,"column":46},"end":{"line":184,"column":116}},{"start":{"line":184,"column":119},"end":{"line":184,"column":146}}],"line":184}},"s":{"0":0,"1":0,"2":0,"3":0,"4":0,"5":0,"6":0,"7":0,"8":0,"9":0,"10":0,"11":0,"12":0,"13":0,"14":0,"15":0,"16":0,"17":0,"18":0,"19":0,"20":0,"21":0,"22":0,"23":0,"24":0,"25":0,"26":0,"27":0,"28":0,"29":0,"30":0,"31":0,"32":0,"33":0,"34":0,"35":0,"36":0,"37":0,"38":0,"39":0,"40":0,"41":0,"42":0,"43":0,"44":0,"45":0,"46":0,"47":0,"48":0,"49":0,"50":0,"51":0,"52":0,"53":0,"54":0,"55":0,"56":0,"57":0,"58":0,"59":0,"60":0,"61":0,"62":0,"63":0,"64":0,"65":0,"66":0,"67":0,"68":0,"69":0,"70":0,"71":0,"72":0,"73":0,"74":0,"75":0,"76":0,"77":0},"f":{"0":0,"1":0,"2":0,"3":0,"4":0,"5":0,"6":0,"7":0,"8":0,"9":0,"10":0,"11":0,"12":0,"13":0,"14":0,"15":0,"16":0,"17":0,"18":0,"19":0,"20":0,"21":0,"22":0,"23":0,"24":0,"25":0},"b":{"0":[0,0],"1":[0,0],"2":[0,0],"3":[0,0],"4":[0,0],"5":[0,0],"6":[0,0],"7":[0,0],"8":[0,0],"9":[0,0],"10":[0,0],"11":[0,0],"12":[0,0],"13":[0,0]}}
,"F:\\SC\\fm\\prison\\src\\stores\\simulationStore.ts": {"path":"F:\\SC\\fm\\prison\\src\\stores\\simulationStore.ts","statementMap":{"0":{"start":{"line":51,"column":40},"end":{"line":61,"column":1}},"1":{"start":{"line":63,"column":38},"end":{"line":72,"column":1}},"2":{"start":{"line":70,"column":4},"end":{"line":70,"column":51}},"3":{"start":{"line":74,"column":34},"end":{"line":274,"column":1}},"4":{"start":{"line":76,"column":19},"end":{"line":265,"column":5}},"5":{"start":{"line":80,"column":26},"end":{"line":80,"column":57}},"6":{"start":{"line":81,"column":8},"end":{"line":81,"column":35}},"7":{"start":{"line":84,"column":8},"end":{"line":89,"column":9}},"8":{"start":{"line":85,"column":29},"end":{"line":87,"column":11}},"9":{"start":{"line":86,"column":12},"end":{"line":86,"column":54}},"10":{"start":{"line":88,"column":10},"end":{"line":88,"column":50}},"11":{"start":{"line":93,"column":27},"end":{"line":93,"column":80}},"12":{"start":{"line":93,"column":53},"end":{"line":93,"column":79}},"13":{"start":{"line":94,"column":8},"end":{"line":97,"column":11}},"14":{"start":{"line":100,"column":25},"end":{"line":100,"column":55}},"15":{"start":{"line":103,"column":47},"end":{"line":103,"column":52}},"16":{"start":{"line":105,"column":8},"end":{"line":107,"column":9}},"17":{"start":{"line":106,"column":10},"end":{"line":106,"column":52}},"18":{"start":{"line":109,"column":8},"end":{"line":109,"column":46}},"19":{"start":{"line":111,"column":8},"end":{"line":210,"column":9}},"20":{"start":{"line":112,"column":28},"end":{"line":112,"column":38}},"21":{"start":{"line":113,"column":22},"end":{"line":113,"column":45}},"22":{"start":{"line":116,"column":31},"end":{"line":116,"column":105}},"23":{"start":{"line":117,"column":51},"end":{"line":117,"column":53}},"24":{"start":{"line":118,"column":10},"end":{"line":120,"column":13}},"25":{"start":{"line":119,"column":12},"end":{"line":119,"column":44}},"26":{"start":{"line":123,"column":20},"end":{"line":123,"column":97}},"27":{"start":{"line":124,"column":19},"end":{"line":124,"column":20}},"28":{"start":{"line":125,"column":10},"end":{"line":128,"column":11}},"29":{"start":{"line":126,"column":12},"end":{"line":126,"column":80}},"30":{"start":{"line":127,"column":12},"end":{"line":127,"column":17}},"31":{"start":{"line":130,"column":46},"end":{"line":130,"column":48}},"32":{"start":{"line":131,"column":46},"end":{"line":131,"column":48}},"33":{"start":{"line":132,"column":44},"end":{"line":132,"column":46}},"34":{"start":{"line":135,"column":10},"end":{"line":163,"column":11}},"35":{"start":{"line":135,"column":23},"end":{"line":135,"column":24}},"36":{"start":{"line":136,"column":46},"end":{"line":144,"column":13}},"37":{"start":{"line":146,"column":12},"end":{"line":146,"column":59}},"38":{"start":{"line":147,"column":12},"end":{"line":152,"column":15}},"39":{"start":{"line":150,"column":58},"end":{"line":150,"column":83}},"40":{"start":{"line":153,"column":12},"end":{"line":153,"column":59}},"41":{"start":{"line":156,"column":12},"end":{"line":156,"column":96}},"42":{"start":{"line":159,"column":12},"end":{"line":159,"column":68}},"43":{"start":{"line":162,"column":12},"end":{"line":162,"column":40}},"44":{"start":{"line":162,"column":34},"end":{"line":162,"column":40}},"45":{"start":{"line":166,"column":34},"end":{"line":166,"column":44}},"46":{"start":{"line":167,"column":30},"end":{"line":173,"column":46}},"47":{"start":{"line":168,"column":25},"end":{"line":172,"column":13}},"48":{"start":{"line":173,"column":28},"end":{"line":173,"column":45}},"49":{"start":{"line":176,"column":43},"end":{"line":176,"column":45}},"50":{"start":{"line":177,"column":10},"end":{"line":183,"column":11}},"51":{"start":{"line":177,"column":23},"end":{"line":177,"column":24}},"52":{"start":{"line":178,"column":12},"end":{"line":178,"column":50}},"53":{"start":{"line":179,"column":12},"end":{"line":182,"column":13}},"54":{"start":{"line":179,"column":25},"end":{"line":179,"column":26}},"55":{"start":{"line":181,"column":14},"end":{"line":181,"column":77}},"56":{"start":{"line":185,"column":37},"end":{"line":198,"column":11}},"57":{"start":{"line":200,"column":10},"end":{"line":205,"column":14}},"58":{"start":{"line":200,"column":26},"end":{"line":205,"column":11}},"59":{"start":{"line":208,"column":10},"end":{"line":208,"column":49}},"60":{"start":{"line":209,"column":10},"end":{"line":209,"column":22}},"61":{"start":{"line":213,"column":28},"end":{"line":213,"column":53}},"62":{"start":{"line":215,"column":23},"end":{"line":217,"column":9}},"63":{"start":{"line":215,"column":39},"end":{"line":217,"column":7}},"64":{"start":{"line":219,"column":28},"end":{"line":222,"column":9}},"65":{"start":{"line":219,"column":44},"end":{"line":222,"column":7}},"66":{"start":{"line":220,"column":37},"end":{"line":220,"column":51}},"67":{"start":{"line":224,"column":23},"end":{"line":224,"column":58}},"68":{"start":{"line":226,"column":30},"end":{"line":226,"column":54}},"69":{"start":{"line":229,"column":20},"end":{"line":229,"column":56}},"70":{"start":{"line":229,"column":41},"end":{"line":229,"column":55}},"71":{"start":{"line":230,"column":8},"end":{"line":238,"column":9}},"72":{"start":{"line":231,"column":44},"end":{"line":236,"column":11}},"73":{"start":{"line":237,"column":10},"end":{"line":237,"column":66}},"74":{"start":{"line":237,"column":26},"end":{"line":237,"column":63}},"75":{"start":{"line":242,"column":20},"end":{"line":242,"column":56}},"76":{"start":{"line":242,"column":41},"end":{"line":242,"column":55}},"77":{"start":{"line":243,"column":8},"end":{"line":252,"column":9}},"78":{"start":{"line":244,"column":26},"end":{"line":244,"column":54}},"79":{"start":{"line":245,"column":27},"end":{"line":245,"column":76}},"80":{"start":{"line":246,"column":22},"end":{"line":246,"column":51}},"81":{"start":{"line":247,"column":23},"end":{"line":247,"column":50}},"82":{"start":{"line":248,"column":10},"end":{"line":248,"column":26}},"83":{"start":{"line":249,"column":10},"end":{"line":249,"column":66}},"84":{"start":{"line":250,"column":10},"end":{"line":250,"column":23}},"85":{"start":{"line":251,"column":10},"end":{"line":251,"column":35}},"86":{"start":{"line":256,"column":8},"end":{"line":263,"column":9}},"87":{"start":{"line":257,"column":37},"end":{"line":257,"column":56}},"88":{"start":{"line":258,"column":10},"end":{"line":258,"column":39}},"89":{"start":{"line":259,"column":10},"end":{"line":259,"column":37}},"90":{"start":{"line":260,"column":10},"end":{"line":260,"column":59}},"91":{"start":{"line":260,"column":26},"end":{"line":260,"column":56}},"92":{"start":{"line":262,"column":10},"end":{"line":262,"column":53}},"93":{"start":{"line":268,"column":30},"end":{"line":271,"column":7}}},"fnMap":{"0":{"name":"(anonymous_0)","decl":{"start":{"line":69,"column":43},"end":{"line":69,"column":44}},"loc":{"start":{"line":70,"column":4},"end":{"line":70,"column":51}},"line":70},"1":{"name":"(anonymous_1)","decl":{"start":{"line":76,"column":4},"end":{"line":76,"column":5}},"loc":{"start":{"line":76,"column":19},"end":{"line":265,"column":5}},"line":76},"2":{"name":"(anonymous_2)","decl":{"start":{"line":79,"column":20},"end":{"line":79,"column":21}},"loc":{"start":{"line":79,"column":33},"end":{"line":90,"column":7}},"line":79},"3":{"name":"(anonymous_3)","decl":{"start":{"line":85,"column":50},"end":{"line":85,"column":51}},"loc":{"start":{"line":86,"column":12},"end":{"line":86,"column":54}},"line":86},"4":{"name":"(anonymous_4)","decl":{"start":{"line":92,"column":29},"end":{"line":92,"column":30}},"loc":{"start":{"line":92,"column":46},"end":{"line":98,"column":7}},"line":92},"5":{"name":"(anonymous_5)","decl":{"start":{"line":93,"column":48},"end":{"line":93,"column":49}},"loc":{"start":{"line":93,"column":53},"end":{"line":93,"column":79}},"line":93},"6":{"name":"(anonymous_6)","decl":{"start":{"line":100,"column":19},"end":{"line":100,"column":20}},"loc":{"start":{"line":100,"column":25},"end":{"line":100,"column":55}},"line":100},"7":{"name":"(anonymous_7)","decl":{"start":{"line":102,"column":21},"end":{"line":102,"column":22}},"loc":{"start":{"line":102,"column":52},"end":{"line":211,"column":7}},"line":102},"8":{"name":"(anonymous_8)","decl":{"start":{"line":118,"column":37},"end":{"line":118,"column":38}},"loc":{"start":{"line":118,"column":44},"end":{"line":120,"column":11}},"line":118},"9":{"name":"(anonymous_9)","decl":{"start":{"line":150,"column":46},"end":{"line":150,"column":47}},"loc":{"start":{"line":150,"column":58},"end":{"line":150,"column":83}},"line":150},"10":{"name":"(anonymous_10)","decl":{"start":{"line":168,"column":17},"end":{"line":168,"column":18}},"loc":{"start":{"line":168,"column":25},"end":{"line":172,"column":13}},"line":168},"11":{"name":"(anonymous_11)","decl":{"start":{"line":173,"column":18},"end":{"line":173,"column":19}},"loc":{"start":{"line":173,"column":28},"end":{"line":173,"column":45}},"line":173},"12":{"name":"(anonymous_12)","decl":{"start":{"line":200,"column":14},"end":{"line":200,"column":15}},"loc":{"start":{"line":200,"column":26},"end":{"line":205,"column":11}},"line":200},"13":{"name":"(anonymous_13)","decl":{"start":{"line":213,"column":22},"end":{"line":213,"column":23}},"loc":{"start":{"line":213,"column":28},"end":{"line":213,"column":53}},"line":213},"14":{"name":"(anonymous_14)","decl":{"start":{"line":215,"column":14},"end":{"line":215,"column":15}},"loc":{"start":{"line":215,"column":23},"end":{"line":217,"column":9}},"line":215},"15":{"name":"(anonymous_15)","decl":{"start":{"line":215,"column":27},"end":{"line":215,"column":28}},"loc":{"start":{"line":215,"column":39},"end":{"line":217,"column":7}},"line":215},"16":{"name":"(anonymous_16)","decl":{"start":{"line":219,"column":17},"end":{"line":219,"column":18}},"loc":{"start":{"line":219,"column":28},"end":{"line":222,"column":9}},"line":219},"17":{"name":"(anonymous_17)","decl":{"start":{"line":219,"column":32},"end":{"line":219,"column":33}},"loc":{"start":{"line":219,"column":44},"end":{"line":222,"column":7}},"line":219},"18":{"name":"(anonymous_18)","decl":{"start":{"line":220,"column":32},"end":{"line":220,"column":33}},"loc":{"start":{"line":220,"column":37},"end":{"line":220,"column":51}},"line":220},"19":{"name":"(anonymous_19)","decl":{"start":{"line":224,"column":17},"end":{"line":224,"column":18}},"loc":{"start":{"line":224,"column":23},"end":{"line":224,"column":58}},"line":224},"20":{"name":"(anonymous_20)","decl":{"start":{"line":226,"column":21},"end":{"line":226,"column":22}},"loc":{"start":{"line":226,"column":30},"end":{"line":226,"column":54}},"line":226},"21":{"name":"(anonymous_21)","decl":{"start":{"line":228,"column":20},"end":{"line":228,"column":21}},"loc":{"start":{"line":228,"column":31},"end":{"line":239,"column":7}},"line":228},"22":{"name":"(anonymous_22)","decl":{"start":{"line":229,"column":36},"end":{"line":229,"column":37}},"loc":{"start":{"line":229,"column":41},"end":{"line":229,"column":55}},"line":229},"23":{"name":"(anonymous_23)","decl":{"start":{"line":237,"column":14},"end":{"line":237,"column":15}},"loc":{"start":{"line":237,"column":26},"end":{"line":237,"column":63}},"line":237},"24":{"name":"(anonymous_24)","decl":{"start":{"line":241,"column":17},"end":{"line":241,"column":18}},"loc":{"start":{"line":241,"column":28},"end":{"line":253,"column":7}},"line":241},"25":{"name":"(anonymous_25)","decl":{"start":{"line":242,"column":36},"end":{"line":242,"column":37}},"loc":{"start":{"line":242,"column":41},"end":{"line":242,"column":55}},"line":242},"26":{"name":"(anonymous_26)","decl":{"start":{"line":255,"column":17},"end":{"line":255,"column":18}},"loc":{"start":{"line":255,"column":30},"end":{"line":264,"column":7}},"line":255},"27":{"name":"(anonymous_27)","decl":{"start":{"line":260,"column":14},"end":{"line":260,"column":15}},"loc":{"start":{"line":260,"column":26},"end":{"line":260,"column":56}},"line":260},"28":{"name":"(anonymous_28)","decl":{"start":{"line":268,"column":18},"end":{"line":268,"column":19}},"loc":{"start":{"line":268,"column":30},"end":{"line":271,"column":7}},"line":268}},"branchMap":{"0":{"loc":{"start":{"line":84,"column":8},"end":{"line":89,"column":9}},"type":"if","locations":[{"start":{"line":84,"column":8},"end":{"line":89,"column":9}},{"start":{},"end":{}}],"line":84},"1":{"loc":{"start":{"line":102,"column":28},"end":{"line":102,"column":47}},"type":"default-arg","locations":[{"start":{"line":102,"column":35},"end":{"line":102,"column":47}}],"line":102},"2":{"loc":{"start":{"line":105,"column":8},"end":{"line":107,"column":9}},"type":"if","locations":[{"start":{"line":105,"column":8},"end":{"line":107,"column":9}},{"start":{},"end":{}}],"line":105},"3":{"loc":{"start":{"line":162,"column":12},"end":{"line":162,"column":40}},"type":"if","locations":[{"start":{"line":162,"column":12},"end":{"line":162,"column":40}},{"start":{},"end":{}}],"line":162},"4":{"loc":{"start":{"line":171,"column":21},"end":{"line":171,"column":47}},"type":"binary-expr","locations":[{"start":{"line":171,"column":21},"end":{"line":171,"column":42}},{"start":{"line":171,"column":46},"end":{"line":171,"column":47}}],"line":171},"5":{"loc":{"start":{"line":221,"column":20},"end":{"line":221,"column":76}},"type":"cond-expr","locations":[{"start":{"line":221,"column":53},"end":{"line":221,"column":57}},{"start":{"line":221,"column":60},"end":{"line":221,"column":76}}],"line":221},"6":{"loc":{"start":{"line":230,"column":8},"end":{"line":238,"column":9}},"type":"if","locations":[{"start":{"line":230,"column":8},"end":{"line":238,"column":9}},{"start":{},"end":{}}],"line":230},"7":{"loc":{"start":{"line":243,"column":8},"end":{"line":252,"column":9}},"type":"if","locations":[{"start":{"line":243,"column":8},"end":{"line":252,"column":9}},{"start":{},"end":{}}],"line":243}},"s":{"0":0,"1":0,"2":0,"3":0,"4":0,"5":0,"6":0,"7":0,"8":0,"9":0,"10":0,"11":0,"12":0,"13":0,"14":0,"15":0,"16":0,"17":0,"18":0,"19":0,"20":0,"21":0,"22":0,"23":0,"24":0,"25":0,"26":0,"27":0,"28":0,"29":0,"30":0,"31":0,"32":0,"33":0,"34":0,"35":0,"36":0,"37":0,"38":0,"39":0,"40":0,"41":0,"42":0,"43":0,"44":0,"45":0,"46":0,"47":0,"48":0,"49":0,"50":0,"51":0,"52":0,"53":0,"54":0,"55":0,"56":0,"57":0,"58":0,"59":0,"60":0,"61":0,"62":0,"63":0,"64":0,"65":0,"66":0,"67":0,"68":0,"69":0,"70":0,"71":0,"72":0,"73":0,"74":0,"75":0,"76":0,"77":0,"78":0,"79":0,"80":0,"81":0,"82":0,"83":0,"84":0,"85":0,"86":0,"87":0,"88":0,"89":0,"90":0,"91":0,"92":0,"93":0},"f":{"0":0,"1":0,"2":0,"3":0,"4":0,"5":0,"6":0,"7":0,"8":0,"9":0,"10":0,"11":0,"12":0,"13":0,"14":0,"15":0,"16":0,"17":0,"18":0,"19":0,"20":0,"21":0,"22":0,"23":0,"24":0,"25":0,"26":0,"27":0,"28":0},"b":{"0":[0,0],"1":[0],"2":[0,0],"3":[0,0],"4":[0,0],"5":[0,0],"6":[0,0],"7":[0,0]}}
,"F:\\SC\\fm\\prison\\src\\stores\\uiStore.ts": {"path":"F:\\SC\\fm\\prison\\src\\stores\\uiStore.ts","statementMap":{"0":{"start":{"line":18,"column":30},"end":{"line":26,"column":1}},"1":{"start":{"line":28,"column":26},"end":{"line":69,"column":1}},"2":{"start":{"line":30,"column":19},"end":{"line":58,"column":5}},"3":{"start":{"line":33,"column":27},"end":{"line":33,"column":41}},"4":{"start":{"line":35,"column":36},"end":{"line":35,"column":66}},"5":{"start":{"line":37,"column":29},"end":{"line":37,"column":81}},"6":{"start":{"line":39,"column":42},"end":{"line":39,"column":78}},"7":{"start":{"line":41,"column":29},"end":{"line":41,"column":52}},"8":{"start":{"line":43,"column":33},"end":{"line":43,"column":60}},"9":{"start":{"line":45,"column":33},"end":{"line":45,"column":60}},"10":{"start":{"line":47,"column":25},"end":{"line":49,"column":9}},"11":{"start":{"line":47,"column":41},"end":{"line":49,"column":7}},"12":{"start":{"line":51,"column":27},"end":{"line":53,"column":9}},"13":{"start":{"line":51,"column":43},"end":{"line":53,"column":7}},"14":{"start":{"line":55,"column":29},"end":{"line":57,"column":9}},"15":{"start":{"line":55,"column":45},"end":{"line":57,"column":7}},"16":{"start":{"line":61,"column":30},"end":{"line":66,"column":7}}},"fnMap":{"0":{"name":"(anonymous_0)","decl":{"start":{"line":30,"column":4},"end":{"line":30,"column":5}},"loc":{"start":{"line":30,"column":19},"end":{"line":58,"column":5}},"line":30},"1":{"name":"(anonymous_1)","decl":{"start":{"line":33,"column":16},"end":{"line":33,"column":17}},"loc":{"start":{"line":33,"column":27},"end":{"line":33,"column":41}},"line":33},"2":{"name":"(anonymous_2)","decl":{"start":{"line":35,"column":23},"end":{"line":35,"column":24}},"loc":{"start":{"line":35,"column":36},"end":{"line":35,"column":66}},"line":35},"3":{"name":"(anonymous_3)","decl":{"start":{"line":37,"column":18},"end":{"line":37,"column":19}},"loc":{"start":{"line":37,"column":29},"end":{"line":37,"column":81}},"line":37},"4":{"name":"(anonymous_4)","decl":{"start":{"line":39,"column":27},"end":{"line":39,"column":28}},"loc":{"start":{"line":39,"column":42},"end":{"line":39,"column":78}},"line":39},"5":{"name":"(anonymous_5)","decl":{"start":{"line":41,"column":20},"end":{"line":41,"column":21}},"loc":{"start":{"line":41,"column":29},"end":{"line":41,"column":52}},"line":41},"6":{"name":"(anonymous_6)","decl":{"start":{"line":43,"column":20},"end":{"line":43,"column":21}},"loc":{"start":{"line":43,"column":33},"end":{"line":43,"column":60}},"line":43},"7":{"name":"(anonymous_7)","decl":{"start":{"line":45,"column":23},"end":{"line":45,"column":24}},"loc":{"start":{"line":45,"column":33},"end":{"line":45,"column":60}},"line":45},"8":{"name":"(anonymous_8)","decl":{"start":{"line":47,"column":19},"end":{"line":47,"column":20}},"loc":{"start":{"line":47,"column":25},"end":{"line":49,"column":9}},"line":47},"9":{"name":"(anonymous_9)","decl":{"start":{"line":47,"column":29},"end":{"line":47,"column":30}},"loc":{"start":{"line":47,"column":41},"end":{"line":49,"column":7}},"line":47},"10":{"name":"(anonymous_10)","decl":{"start":{"line":51,"column":21},"end":{"line":51,"column":22}},"loc":{"start":{"line":51,"column":27},"end":{"line":53,"column":9}},"line":51},"11":{"name":"(anonymous_11)","decl":{"start":{"line":51,"column":31},"end":{"line":51,"column":32}},"loc":{"start":{"line":51,"column":43},"end":{"line":53,"column":7}},"line":51},"12":{"name":"(anonymous_12)","decl":{"start":{"line":55,"column":23},"end":{"line":55,"column":24}},"loc":{"start":{"line":55,"column":29},"end":{"line":57,"column":9}},"line":55},"13":{"name":"(anonymous_13)","decl":{"start":{"line":55,"column":33},"end":{"line":55,"column":34}},"loc":{"start":{"line":55,"column":45},"end":{"line":57,"column":7}},"line":55},"14":{"name":"(anonymous_14)","decl":{"start":{"line":61,"column":18},"end":{"line":61,"column":19}},"loc":{"start":{"line":61,"column":30},"end":{"line":66,"column":7}},"line":61}},"branchMap":{"0":{"loc":{"start":{"line":48,"column":15},"end":{"line":48,"column":56}},"type":"cond-expr","locations":[{"start":{"line":48,"column":40},"end":{"line":48,"column":47}},{"start":{"line":48,"column":50},"end":{"line":48,"column":56}}],"line":48}},"s":{"0":0,"1":0,"2":0,"3":0,"4":0,"5":0,"6":0,"7":0,"8":0,"9":0,"10":0,"11":0,"12":0,"13":0,"14":0,"15":0,"16":0},"f":{"0":0,"1":0,"2":0,"3":0,"4":0,"5":0,"6":0,"7":0,"8":0,"9":0,"10":0,"11":0,"12":0,"13":0,"14":0},"b":{"0":[0,0]}}
,"F:\\SC\\fm\\prison\\src\\types\\index.ts": {"path":"F:\\SC\\fm\\prison\\src\\types\\index.ts","statementMap":{},"fnMap":{},"branchMap":{},"s":{},"f":{},"b":{}}
,"F:\\SC\\fm\\prison\\src\\utils\\cn.ts": {"path":"F:\\SC\\fm\\prison\\src\\utils\\cn.ts","statementMap":{"0":{"start":{"line":4,"column":2},"end":{"line":4,"column":22}}},"fnMap":{"0":{"name":"cn","decl":{"start":{"line":3,"column":16},"end":{"line":3,"column":18}},"loc":{"start":{"line":3,"column":44},"end":{"line":5,"column":1}},"line":3}},"branchMap":{},"s":{"0":0},"f":{"0":0},"b":{}}
,"F:\\SC\\fm\\prison\\src\\utils\\gameLogic.ts": {"path":"F:\\SC\\fm\\prison\\src\\utils\\gameLogic.ts","statementMap":{"0":{"start":{"line":5,"column":2},"end":{"line":10,"column":4}},"1":{"start":{"line":6,"column":13},"end":{"line":6,"column":28}},"2":{"start":{"line":7,"column":4},"end":{"line":7,"column":41}},"3":{"start":{"line":8,"column":4},"end":{"line":8,"column":46}},"4":{"start":{"line":9,"column":4},"end":{"line":9,"column":49}},"5":{"start":{"line":22,"column":32},"end":{"line":22,"column":34}},"6":{"start":{"line":23,"column":32},"end":{"line":23,"column":34}},"7":{"start":{"line":24,"column":15},"end":{"line":24,"column":16}},"8":{"start":{"line":24,"column":27},"end":{"line":24,"column":28}},"9":{"start":{"line":24,"column":38},"end":{"line":24,"column":39}},"10":{"start":{"line":24,"column":49},"end":{"line":24,"column":50}},"11":{"start":{"line":26,"column":22},"end":{"line":26,"column":44}},"12":{"start":{"line":27,"column":22},"end":{"line":27,"column":44}},"13":{"start":{"line":29,"column":2},"end":{"line":57,"column":3}},"14":{"start":{"line":29,"column":15},"end":{"line":29,"column":16}},"15":{"start":{"line":30,"column":16},"end":{"line":30,"column":37}},"16":{"start":{"line":31,"column":16},"end":{"line":31,"column":37}},"17":{"start":{"line":34,"column":4},"end":{"line":34,"column":57}},"18":{"start":{"line":34,"column":23},"end":{"line":34,"column":57}},"19":{"start":{"line":35,"column":4},"end":{"line":35,"column":57}},"20":{"start":{"line":35,"column":23},"end":{"line":35,"column":57}},"21":{"start":{"line":37,"column":4},"end":{"line":37,"column":31}},"22":{"start":{"line":37,"column":23},"end":{"line":37,"column":31}},"23":{"start":{"line":38,"column":4},"end":{"line":38,"column":31}},"24":{"start":{"line":38,"column":23},"end":{"line":38,"column":31}},"25":{"start":{"line":41,"column":4},"end":{"line":53,"column":5}},"26":{"start":{"line":42,"column":6},"end":{"line":42,"column":31}},"27":{"start":{"line":43,"column":6},"end":{"line":43,"column":31}},"28":{"start":{"line":44,"column":11},"end":{"line":53,"column":5}},"29":{"start":{"line":45,"column":6},"end":{"line":45,"column":31}},"30":{"start":{"line":46,"column":6},"end":{"line":46,"column":31}},"31":{"start":{"line":47,"column":11},"end":{"line":53,"column":5}},"32":{"start":{"line":48,"column":6},"end":{"line":48,"column":31}},"33":{"start":{"line":49,"column":6},"end":{"line":49,"column":31}},"34":{"start":{"line":51,"column":6},"end":{"line":51,"column":31}},"35":{"start":{"line":52,"column":6},"end":{"line":52,"column":31}},"36":{"start":{"line":55,"column":4},"end":{"line":55,"column":52}},"37":{"start":{"line":56,"column":4},"end":{"line":56,"column":52}},"38":{"start":{"line":59,"column":2},"end":{"line":59,"column":50}},"39":{"start":{"line":71,"column":18},"end":{"line":71,"column":19}},"40":{"start":{"line":71,"column":33},"end":{"line":71,"column":34}},"41":{"start":{"line":71,"column":47},"end":{"line":71,"column":48}},"42":{"start":{"line":71,"column":61},"end":{"line":71,"column":62}},"43":{"start":{"line":71,"column":76},"end":{"line":71,"column":77}},"44":{"start":{"line":73,"column":2},"end":{"line":80,"column":3}},"45":{"start":{"line":73,"column":15},"end":{"line":73,"column":16}},"46":{"start":{"line":74,"column":16},"end":{"line":74,"column":85}},"47":{"start":{"line":75,"column":4},"end":{"line":75,"column":28}},"48":{"start":{"line":76,"column":4},"end":{"line":76,"column":28}},"49":{"start":{"line":77,"column":4},"end":{"line":77,"column":26}},"50":{"start":{"line":78,"column":4},"end":{"line":78,"column":26}},"51":{"start":{"line":79,"column":4},"end":{"line":79,"column":28}},"52":{"start":{"line":82,"column":2},"end":{"line":87,"column":4}},"53":{"start":{"line":99,"column":14},"end":{"line":99,"column":41}},"54":{"start":{"line":99,"column":36},"end":{"line":99,"column":40}},"55":{"start":{"line":100,"column":12},"end":{"line":100,"column":64}},"56":{"start":{"line":100,"column":55},"end":{"line":100,"column":60}},"57":{"start":{"line":101,"column":44},"end":{"line":101,"column":46}},"58":{"start":{"line":102,"column":45},"end":{"line":102,"column":47}},"59":{"start":{"line":104,"column":2},"end":{"line":107,"column":5}},"60":{"start":{"line":105,"column":4},"end":{"line":105,"column":22}},"61":{"start":{"line":106,"column":4},"end":{"line":106,"column":23}},"62":{"start":{"line":109,"column":60},"end":{"line":109,"column":62}},"63":{"start":{"line":110,"column":61},"end":{"line":110,"column":63}},"64":{"start":{"line":112,"column":2},"end":{"line":121,"column":3}},"65":{"start":{"line":112,"column":15},"end":{"line":112,"column":16}},"66":{"start":{"line":113,"column":4},"end":{"line":120,"column":5}},"67":{"start":{"line":113,"column":17},"end":{"line":113,"column":18}},"68":{"start":{"line":114,"column":18},"end":{"line":114,"column":60}},"69":{"start":{"line":115,"column":51},"end":{"line":117,"column":7}},"70":{"start":{"line":118,"column":6},"end":{"line":118,"column":42}},"71":{"start":{"line":119,"column":6},"end":{"line":119,"column":53}},"72":{"start":{"line":123,"column":2},"end":{"line":145,"column":5}},"73":{"start":{"line":124,"column":16},"end":{"line":124,"column":34}},"74":{"start":{"line":125,"column":22},"end":{"line":125,"column":23}},"75":{"start":{"line":126,"column":23},"end":{"line":126,"column":24}},"76":{"start":{"line":128,"column":4},"end":{"line":141,"column":7}},"77":{"start":{"line":129,"column":18},"end":{"line":129,"column":36}},"78":{"start":{"line":130,"column":6},"end":{"line":130,"column":25}},"79":{"start":{"line":130,"column":18},"end":{"line":130,"column":25}},"80":{"start":{"line":132,"column":23},"end":{"line":134,"column":34}},"81":{"start":{"line":136,"column":20},"end":{"line":136,"column":41}},"82":{"start":{"line":137,"column":27},"end":{"line":137,"column":49}},"83":{"start":{"line":139,"column":6},"end":{"line":139,"column":34}},"84":{"start":{"line":140,"column":6},"end":{"line":140,"column":39}},"85":{"start":{"line":143,"column":4},"end":{"line":143,"column":31}},"86":{"start":{"line":144,"column":4},"end":{"line":144,"column":33}},"87":{"start":{"line":147,"column":2},"end":{"line":147,"column":58}},"88":{"start":{"line":155,"column":14},"end":{"line":155,"column":37}},"89":{"start":{"line":156,"column":12},"end":{"line":156,"column":65}},"90":{"start":{"line":156,"column":36},"end":{"line":156,"column":56}},"91":{"start":{"line":157,"column":21},"end":{"line":157,"column":97}},"92":{"start":{"line":157,"column":45},"end":{"line":157,"column":89}},"93":{"start":{"line":159,"column":39},"end":{"line":159,"column":41}},"94":{"start":{"line":160,"column":14},"end":{"line":160,"column":15}},"95":{"start":{"line":162,"column":2},"end":{"line":169,"column"
[...]
olumn":2},"end":{"line":200,"column":66}},"84":{"start":{"line":200,"column":41},"end":{"line":200,"column":66}},"85":{"start":{"line":201,"column":2},"end":{"line":201,"column":69}},"86":{"start":{"line":201,"column":43},"end":{"line":201,"column":69}},"87":{"start":{"line":202,"column":2},"end":{"line":202,"column":72}},"88":{"start":{"line":202,"column":45},"end":{"line":202,"column":72}},"89":{"start":{"line":205,"column":24},"end":{"line":210,"column":3}},"90":{"start":{"line":212,"column":22},"end":{"line":212,"column":23}},"91":{"start":{"line":213,"column":21},"end":{"line":213,"column":41}},"92":{"start":{"line":215,"column":2},"end":{"line":223,"column":5}},"93":{"start":{"line":216,"column":4},"end":{"line":222,"column":5}},"94":{"start":{"line":217,"column":20},"end":{"line":217,"column":57}},"95":{"start":{"line":217,"column":44},"end":{"line":217,"column":47}},"96":{"start":{"line":218,"column":20},"end":{"line":218,"column":57}},"97":{"start":{"line":218,"column":44},"end":{"line":218,"column":47}},"98":{"start":{"line":219,"column":6},"end":{"line":219,"column":43}},"99":{"start":{"line":219,"column":27},"end":{"line":219,"column":43}},"100":{"start":{"line":225,"column":2},"end":{"line":225,"column":42}},"101":{"start":{"line":227,"column":2},"end":{"line":227,"column":37}}},"fnMap":{"0":{"name":"(anonymous_0)","decl":{"start":{"line":24,"column":13},"end":{"line":24,"column":14}},"loc":{"start":{"line":24,"column":19},"end":{"line":24,"column":28}},"line":24},"1":{"name":"(anonymous_1)","decl":{"start":{"line":24,"column":19},"end":{"line":24,"column":20}},"loc":{"start":{"line":24,"column":25},"end":{"line":24,"column":28}},"line":24},"2":{"name":"(anonymous_2)","decl":{"start":{"line":30,"column":13},"end":{"line":30,"column":14}},"loc":{"start":{"line":30,"column":19},"end":{"line":30,"column":28}},"line":30},"3":{"name":"(anonymous_3)","decl":{"start":{"line":30,"column":19},"end":{"line":30,"column":20}},"loc":{"start":{"line":30,"column":25},"end":{"line":30,"column":28}},"line":30},"4":{"name":"(anonymous_4)","decl":{"start":{"line":36,"column":13},"end":{"line":36,"column":14}},"loc":{"start":{"line":36,"column":19},"end":{"line":36,"column":81}},"line":36},"5":{"name":"(anonymous_5)","decl":{"start":{"line":36,"column":19},"end":{"line":36,"column":20}},"loc":{"start":{"line":36,"column":27},"end":{"line":36,"column":80}},"line":36},"6":{"name":"(anonymous_6)","decl":{"start":{"line":42,"column":13},"end":{"line":42,"column":14}},"loc":{"start":{"line":42,"column":22},"end":{"line":46,"column":5}},"line":42},"7":{"name":"(anonymous_7)","decl":{"start":{"line":42,"column":22},"end":{"line":42,"column":23}},"loc":{"start":{"line":42,"column":29},"end":{"line":46,"column":5}},"line":42},"8":{"name":"(anonymous_8)","decl":{"start":{"line":52,"column":13},"end":{"line":52,"column":14}},"loc":{"start":{"line":52,"column":19},"end":{"line":55,"column":5}},"line":52},"9":{"name":"(anonymous_9)","decl":{"start":{"line":52,"column":19},"end":{"line":52,"column":20}},"loc":{"start":{"line":52,"column":26},"end":{"line":55,"column":5}},"line":52},"10":{"name":"(anonymous_10)","decl":{"start":{"line":53,"column":28},"end":{"line":53,"column":29}},"loc":{"start":{"line":53,"column":35},"end":{"line":53,"column":53}},"line":53},"11":{"name":"(anonymous_11)","decl":{"start":{"line":61,"column":13},"end":{"line":61,"column":14}},"loc":{"start":{"line":61,"column":19},"end":{"line":67,"column":5}},"line":61},"12":{"name":"(anonymous_12)","decl":{"start":{"line":61,"column":19},"end":{"line":61,"column":20}},"loc":{"start":{"line":61,"column":26},"end":{"line":67,"column":5}},"line":61},"13":{"name":"(anonymous_13)","decl":{"start":{"line":73,"column":13},"end":{"line":73,"column":14}},"loc":{"start":{"line":73,"column":22},"end":{"line":73,"column":53}},"line":73},"14":{"name":"(anonymous_14)","decl":{"start":{"line":73,"column":22},"end":{"line":73,"column":23}},"loc":{"start":{"line":73,"column":29},"end":{"line":73,"column":52}},"line":73},"15":{"name":"(anonymous_15)","decl":{"start":{"line":84,"column":13},"end":{"line":84,"column":14}},"loc":{"start":{"line":84,"column":19},"end":{"line":84,"column":81}},"line":84},"16":{"name":"(anonymous_16)","decl":{"start":{"line":84,"column":19},"end":{"line":84,"column":20}},"loc":{"start":{"line":84,"column":27},"end":{"line":84,"column":80}},"line":84},"17":{"name":"(anonymous_17)","decl":{"start":{"line":93,"column":13},"end":{"line":93,"column":14}},"loc":{"start":{"line":93,"column":19},"end":{"line":93,"column":100}},"line":93},"18":{"name":"(anonymous_18)","decl":{"start":{"line":93,"column":19},"end":{"line":93,"column":20}},"loc":{"start":{"line":93,"column":27},"end":{"line":93,"column":99}},"line":93},"19":{"name":"(anonymous_19)","decl":{"start":{"line":93,"column":63},"end":{"line":93,"column":64}},"loc":{"start":{"line":93,"column":68},"end":{"line":93,"column":86}},"line":93},"20":{"name":"(anonymous_20)","decl":{"start":{"line":102,"column":13},"end":{"line":102,"column":14}},"loc":{"start":{"line":102,"column":19},"end":{"line":102,"column":81}},"line":102},"21":{"name":"(anonymous_21)","decl":{"start":{"line":102,"column":19},"end":{"line":102,"column":20}},"loc":{"start":{"line":102,"column":27},"end":{"line":102,"column":80}},"line":102},"22":{"name":"(anonymous_22)","decl":{"start":{"line":111,"column":13},"end":{"line":111,"column":14}},"loc":{"start":{"line":111,"column":19},"end":{"line":116,"column":5}},"line":111},"23":{"name":"(anonymous_23)","decl":{"start":{"line":111,"column":19},"end":{"line":111,"column":20}},"loc":{"start":{"line":111,"column":26},"end":{"line":116,"column":5}},"line":111},"24":{"name":"(anonymous_24)","decl":{"start":{"line":114,"column":37},"end":{"line":114,"column":38}},"loc":{"start":{"line":114,"column":42},"end":{"line":114,"column":60}},"line":114},"25":{"name":"(anonymous_25)","decl":{"start":{"line":125,"column":13},"end":{"line":125,"column":14}},"loc":{"start":{"line":125,"column":19},"end":{"line":139,"column":5}},"line":125},"26":{"name":"(anonymous_26)","decl":{"start":{"line":125,"column":19},"end":{"line":125,"column":20}},"loc":{"start":{"line":125,"column":26},"end":{"line":139,"column":5}},"line":125},"27":{"name":"createCustomStrategy","decl":{"start":{"line":150,"column":16},"end":{"line":150,"column":36}},"loc":{"start":{"line":154,"column":12},"end":{"line":171,"column":1}},"line":154},"28":{"name":"(anonymous_28)","decl":{"start":{"line":163,"column":15},"end":{"line":163,"column":16}},"loc":{"start":{"line":163,"column":38},"end":{"line":163,"column":42}},"line":163},"29":{"name":"validateStrategy","decl":{"start":{"line":174,"column":16},"end":{"line":174,"column":32}},"loc":{"start":{"line":174,"column":62},"end":{"line":189,"column":1}},"line":174},"30":{"name":"(anonymous_30)","decl":{"start":{"line":181,"column":40},"end":{"line":181,"column":41}},"loc":{"start":{"line":181,"column":46},"end":{"line":181,"column":49}},"line":181},"31":{"name":"compareStrategies","decl":{"start":{"line":192,"column":16},"end":{"line":192,"column":33}},"loc":{"start":{"line":195,"column":2},"end":{"line":228,"column":1}},"line":195},"32":{"name":"(anonymous_32)","decl":{"start":{"line":215,"column":24},"end":{"line":215,"column":25}},"loc":{"start":{"line":215,"column":35},"end":{"line":223,"column":3}},"line":215},"33":{"name":"(anonymous_33)","decl":{"start":{"line":217,"column":38},"end":{"line":217,"column":39}},"loc":{"start":{"line":217,"column":44},"end":{"line":217,"column":47}},"line":217},"34":{"name":"(anonymous_34)","decl":{"start":{"line":218,"column":38},"end":{"line":218,"column":39}},"loc":{"start":{"line":218,"column":44},"end":{"line":218,"column":47}},"line":218}},"branchMap":{"0":{"loc":{"start":{"line":36,"column":27},"end":{"line":36,"column":80}},"type":"cond-expr","locations":[{"start":{"line":36,"column":50},"end":{"line":36,"column":53}},{"start":{"line":36,"column":56},"end":{"line":36,"column":80}}],"line":36},"1":{"loc":{"start":{"line":36,"column":27},"end":{"line":36,"column":47}},"type":"binary-expr","locations":[{"start":{"line":36,"column":27},"end":{"line":36,"column":29}},{"start":{"line":36,"column":33},"end":{"line":36,"column":47}}],"line":36},"2":{"loc":{"start":{"line":43,"column":6},"end":{"line":43,"column":43}},"type":"if","locations":[{"start":{"line":43,"column":6},"end":{"line":43,"column":43}},{"start":{},"end":{}}],"line":43},"3":{"loc":{"start":{"line":43,"column":10},"end":{"line":43,"column":30}},"type":"binary-expr","locations":[{"start":{"line":43,"column":10},"end":{"line":43,"column":12}},{"start":{"line":43,"column":16},"end":{"line":43,"column":30}}],"line":43},"4":{"loc":{"start":{"line":45,"column":13},"end":{"line":45,"column":47}},"type":"cond-expr","locations":[{"start":{"line":45,"column":40},"end":{"line":45,"column":43}},{"start":{"line":45,"column":46},"end":{"line":45,"column":47}}],"line":45},"5":{"loc":{"start":{"line":45,"column":13},"end":{"line":45,"column":37}},"type":"binary-expr","locations":[{"start":{"line":45,"column":13},"end":{"line":45,"column":22}},{"start":{"line":45,"column":26},"end":{"line":45,"column":37}}],"line":45},"6":{"loc":{"start":{"line":53,"column":16},"end":{"line":53,"column":54}},"type":"binary-expr","locations":[{"start":{"line":53,"column":16},"end":{"line":53,"column":17}},{"start":{"line":53,"column":21},"end":{"line":53,"column":54}}],"line":53},"7":{"loc":{"start":{"line":54,"column":13},"end":{"line":54,"column":26}},"type":"cond-expr","locations":[{"start":{"line":54,"column":17},"end":{"line":54,"column":20}},{"start":{"line":54,"column":23},"end":{"line":54,"column":26}}],"line":54},"8":{"loc":{"start":{"line":62,"column":6},"end":{"line":62,"column":43}},"type":"if","locations":[{"start":{"line":62,"column":6},"end":{"line":62,"column":43}},{"start":{},"end":{}}],"line":62},"9":{"loc":{"start":{"line":62,"column":10},"end":{"line":62,"column":30}},"type":"binary-expr","locations":[{"start":{"line":62,"column":10},"end":{"line":62,"column":12}},{"start":{"line":62,"column":16},"end":{"line":62,"column":30}}],"line":62},"10":{"loc":{"start":{"line":64,"column":17},"end":{"line":64,"column":59}},"type":"binary-expr","locations":[{"start":{"line":64,"column":17},"end":{"line":64,"column":34}},{"start":{"line":64,"column":38},"end":{"line":64,"column":59}}],"line":64},"11":{"loc":{"start":{"line":65,"column":17},"end":{"line":65,"column":59}},"type":"binary-expr","locations":[{"start":{"line":65,"column":17},"end":{"line":65,"column":34}},{"start":{"line":65,"column":38},"end":{"line":65,"column":59}}],"line":65},"12":{"loc":{"start":{"line":66,"column":13},"end":{"line":66,"column":65}},"type":"cond-expr","locations":[{"start":{"line":66,"column":24},"end":{"line":66,"column":33}},{"start":{"line":66,"column":36},"end":{"line":66,"column":65}}],"line":66},"13":{"loc":{"start":{"line":66,"column":13},"end":{"line":66,"column":21}},"type":"binary-expr","locations":[{"start":{"line":66,"column":13},"end":{"line":66,"column":15}},{"start":{"line":66,"column":19},"end":{"line":66,"column":21}}],"line":66},"14":{"loc":{"start":{"line":66,"column":36},"end":{"line":66,"column":65}},"type":"cond-expr","locations":[{"start":{"line":66,"column":56},"end":{"line":66,"column":59}},{"start":{"line":66,"column":62},"end":{"line":66,"column":65}}],"line":66},"15":{"loc":{"start":{"line":73,"column":29},"end":{"line":73,"column":52}},"type":"cond-expr","locations":[{"start":{"line":73,"column":43},"end":{"line":73,"column":46}},{"start":{"line":73,"column":49},"end":{"line":73,"column":52}}],"line":73},"16":{"loc":{"start":{"line":84,"column":27},"end":{"line":84,"column":80}},"type":"cond-expr","locations":[{"start":{"line":84,"column":50},"end":{"line":84,"column":53}},{"start":{"line":84,"column":56},"end":{"line":84,"column":80}}],"line":84},"17":{"loc":{"start":{"line":84,"column":27},"end":{"line":84,"column":47}},"type":"binary-expr","locations":[{"start":{"line":84,"column":27},"end":{"line":84,"column":29}},{"start":{"line":84,"column":33},"end":{"line":84,"column":47}}],"line":84},"18":{"loc":{"start":{"line":93,"column":27},"end":{"line":93,"column":99}},"type":"cond-expr","locations":[{"start":{"line":93,"column":50},"end":{"line":93,"column":53}},{"start":{"line":93,"column":56},"end":{"line":93,"column":99}}],"line":93},"19":{"loc":{"start":{"line":93,"column":27},"end":{"line":93,"column":47}},"type":"binary-expr","locations":[{"start":{"line":93,"column":27},"end":{"line":93,"column":29}},{"start":{"line":93,"column":33},"end":{"line":93,"column":47}}],"line":93},"20":{"loc":{"start":{"line":93,"column":56},"end":{"line":93,"column":99}},"type":"cond-expr","locations":[{"start":{"line":93,"column":90},"end":{"line":93,"column":93}},{"start":{"line":93,"column":96},"end":{"line":93,"column":99}}],"line":93},"21":{"loc":{"start":{"line":102,"column":27},"end":{"line":102,"column":80}},"type":"cond-expr","locations":[{"start":{"line":102,"column":50},"end":{"line":102,"column":53}},{"start":{"line":102,"column":56},"end":{"line":102,"column":80}}],"line":102},"22":{"loc":{"start":{"line":102,"column":27},"end":{"line":102,"column":47}},"type":"binary-expr","locations":[{"start":{"line":102,"column":27},"end":{"line":102,"column":29}},{"start":{"line":102,"column":33},"end":{"line":102,"column":47}}],"line":102},"23":{"loc":{"start":{"line":102,"column":56},"end":{"line":102,"column":80}},"type":"cond-expr","locations":[{"start":{"line":102,"column":71},"end":{"line":102,"column":74}},{"start":{"line":102,"column":77},"end":{"line":102,"column":80}}],"line":102},"24":{"loc":{"start":{"line":112,"column":6},"end":{"line":112,"column":43}},"type":"if","locations":[{"start":{"line":112,"column":6},"end":{"line":112,"column":43}},{"start":{},"end":{}}],"line":112},"25":{"loc":{"start":{"line":112,"column":10},"end":{"line":112,"column":30}},"type":"binary-expr","locations":[{"start":{"line":112,"column":10},"end":{"line":112,"column":12}},{"start":{"line":112,"column":16},"end":{"line":112,"column":30}}],"line":112},"26":{"loc":{"start":{"line":115,"column":13},"end":{"line":115,"column":39}},"type":"cond-expr","locations":[{"start":{"line":115,"column":30},"end":{"line":115,"column":33}},{"start":{"line":115,"column":36},"end":{"line":115,"column":39}}],"line":115},"27":{"loc":{"start":{"line":126,"column":6},"end":{"line":126,"column":43}},"type":"if","locations":[{"start":{"line":126,"column":6},"end":{"line":126,"column":43}},{"start":{},"end":{}}],"line":126},"28":{"loc":{"start":{"line":126,"column":10},"end":{"line":126,"column":30}},"type":"binary-expr","locations":[{"start":{"line":126,"column":10},"end":{"line":126,"column":12}},{"start":{"line":126,"column":16},"end":{"line":126,"column":30}}],"line":126},"29":{"loc":{"start":{"line":127,"column":6},"end":{"line":127,"column":37}},"type":"if","locations":[{"start":{"line":127,"column":6},"end":{"line":127,"column":37}},{"start":{},"end":{}}],"line":127},"30":{"loc":{"start":{"line":128,"column":6},"end":{"line":128,"column":37}},"type":"if","locations":[{"start":{"line":128,"column":6},"end":{"line":128,"column":37}},{"start":{},"end":{}}],"line":128},"31":{"loc":{"start":{"line":129,"column":6},"end":{"line":129,"column":37}},"type":"if","locations":[{"start":{"line":129,"column":6},"end":{"line":129,"column":37}},{"start":{},"end":{}}],"line":129},"32":{"loc":{"start":{"line":130,"column":6},"end":{"line":130,"column":37}},"type":"if","locations":[{"start":{"line":130,"column":6},"end":{"line":130,"column":37}},{"start":{},"end":{}}],"line":130},"33":{"loc":{"start":{"line":131,"column":6},"end":{"line":131,"column":37}},"type":"if","locations":[{"start":{"line":131,"column":6},"end":{"line":131,"column":37}},{"start":{},"end":{}}],"line":131},"34":{"loc":{"start":{"line":132,"column":6},"end":{"line":132,"column":37}},"type":"if","locations":[{"start":{"line":132,"column":6},"end":{"line":132,"column":37}},{"start":{},"end":{}}],"line":132},"35":{"loc":{"start":{"line":133,"column":6},"end":{"line":133,"column":37}},"type":"if","locations":[{"start":{"line":133,"column":6},"end":{"line":133,"column":37}},{"start":{},"end":{}}],"line":133},"36":{"loc":{"start":{"line":134,"column":6},"end":{"line":134,"column":37}},"type":"if","locations":[{"start":{"line":134,"column":6},"end":{"line":134,"column":37}},{"start":{},"end":{}}],"line":134},"37":{"loc":{"start":{"line":135,"column":6},"end":{"line":135,"column":37}},"type":"if","locations":[{"start":{"line":135,"column":6},"end":{"line":135,"column":37}},{"start":{},"end":{}}],"line":135},"38":{"loc":{"start":{"line":136,"column":6},"end":{"line":136,"column":38}},"type":"if","locations":[{"start":{"line":136,"column":6},"end":{"line":136,"column":38}},{"start":{},"end":{}}],"line":136},"39":{"loc":{"start":{"line":137,"column":6},"end":{"line":137,"column":38}},"type":"if","locations":[{"start":{"line":137,"column":6},"end":{"line":137,"column":38}},{"start":{},"end":{}}],"line":137},"40":{"loc":{"start":{"line":153,"column":2},"end":{"line":153,"column":27}},"type":"default-arg","locations":[{"start":{"line":153,"column":19},"end":{"line":153,"column":27}}],"line":153},"41":{"loc":{"start":{"line":185,"column":11},"end":{"line":185,"column":75}},"type":"binary-expr","locations":[{"start":{"line":185,"column":11},"end":{"line":185,"column":24}},{"start":{"line":185,"column":28},"end":{"line":185,"column":41}},{"start":{"line":185,"column":45},"end":{"line":185,"column":58}},{"start":{"line":185,"column":62},"end":{"line":185,"column":75}}],"line":185},"42":{"loc":{"start":{"line":200,"column":2},"end":{"line":200,"column":66}},"type":"if","locations":[{"start":{"line":200,"column":2},"end":{"line":200,"column":66}},{"start":{},"end":{}}],"line":200},"43":{"loc":{"start":{"line":201,"column":2},"end":{"line":201,"column":69}},"type":"if","locations":[{"start":{"line":201,"column":2},"end":{"line":201,"column":69}},{"start":{},"end":{}}],"line":201},"44":{"loc":{"start":{"line":202,"column":2},"end":{"line":202,"column":72}},"type":"if","locations":[{"start":{"line":202,"column":2},"end":{"line":202,"column":72}},{"start":{},"end":{}}],"line":202},"45":{"loc":{"start":{"line":219,"column":6},"end":{"line":219,"column":43}},"type":"if","locations":[{"start":{"line":219,"column":6},"end":{"line":219,"column":43}},{"start":{},"end":{}}],"line":219}},"s":{"0":1,"1":1,"2":1,"3":3,"4":1,"5":3,"6":1,"7":3,"8":0,"9":0,"10":0,"11":0,"12":0,"13":0,"14":0,"15":0,"16":0,"17":0,"18":0,"19":0,"20":0,"21":0,"22":0,"23":0,"24":0,"25":0,"26":1,"27":0,"28":0,"29":0,"30":0,"31":0,"32":0,"33":0,"34":0,"35":0,"36":0,"37":0,"38":0,"39":0,"40":0,"41":0,"42":0,"43":0,"44":0,"45":0,"46":0,"47":0,"48":0,"49":0,"50":0,"51":0,"52":0,"53":0,"54":0,"55":0,"56":0,"57":0,"58":0,"59":0,"60":0,"61":0,"62":0,"63":0,"64":0,"65":0,"66":0,"67":1,"68":4,"69":4,"70":3,"71":0,"72":1,"73":3,"74":3,"75":3,"76":0,"77":3,"78":2,"79":2,"80":1,"81":3,"82":3,"83":3,"84":3,"85":3,"86":0,"87":3,"88":0,"89":3,"90":3,"91":3,"92":3,"93":12,"94":12,"95":0,"96":12,"97":0,"98":12,"99":4,"100":3,"101":3},"f":{"0":1,"1":3,"2":1,"3":3,"4":1,"5":3,"6":0,"7":0,"8":0,"9":0,"10":0,"11":0,"12":0,"13":0,"14":0,"15":0,"16":0,"17":0,"18":0,"19":0,"20":0,"21":0,"22":0,"23":0,"24":0,"25":0,"26":0,"27":4,"28":0,"29":3,"30":0,"31":3,"32":12,"33":0,"34":0},"b":{"0":[1,2],"1":[3,3],"2":[0,0],"3":[0,0],"4":[0,0],"5":[0,0],"6":[0,0],"7":[0,0],"8":[0,0],"9":[0,0],"10":[0,0],"11":[0,0],"12":[0,0],"13":[0,0],"14":[0,0],"15":[0,0],"16":[0,0],"17":[0,0],"18":[0,0],"19":[0,0],"20":[0,0],"21":[0,0],"22":[0,0],"23":[0,0],"24":[0,0],"25":[0,0],"26":[0,0],"27":[0,0],"28":[0,0],"29":[0,0],"30":[0,0],"31":[0,0],"32":[0,0],"33":[0,0],"34":[0,0],"35":[0,0],"36":[0,0],"37":[0,0],"38":[0,0],"39":[0,0],"40":[3],"41":[2,1,1,1],"42":[3,0],"43":[0,3],"44":[0,3],"45":[4,8]},"_coverageSchema":"1a1c01bbd47fc00a2c39e90264f33305004495a9","hash":"4b40d6b648062d15eacddf9c6fd10e0dd849c52a"}
}
