TN:
SF:src\App.tsx
FN:25,App
FNF:1
FNH:0
FNDA:0,App
DA:16,0
DA:26,0
DA:27,0
DA:28,0
DA:29,0
DA:31,0
LF:6
LH:0
BRDA:36,0,0,0
BRDA:36,0,1,0
BRDA:37,1,0,0
BRDA:37,1,1,0
BRDA:44,2,0,0
BRDA:44,2,1,0
BRDA:48,3,0,0
BRDA:48,3,1,0
BRDA:52,4,0,0
BRDA:52,4,1,0
BRDA:56,5,0,0
BRDA:56,5,1,0
BRDA:63,6,0,0
BRDA:63,6,1,0
BRDA:74,7,0,0
BRDA:74,7,1,0
BRDA:75,8,0,0
BRDA:75,8,1,0
BRDA:76,9,0,0
BRDA:76,9,1,0
BRF:20
BRH:0
end_of_record
TN:
SF:src\index.tsx
FNF:0
FNH:0
DA:6,0
DA:10,0
LF:2
LH:0
BRF:0
BRH:0
end_of_record
TN:
SF:src\components\DataExporter.tsx
FN:9,(anonymous_0)
FNF:1
FNH:0
FNDA:0,(anonymous_0)
DA:9,0
DA:10,0
LF:2
LH:0
BRF:0
BRH:0
end_of_record
TN:
SF:src\components\PermutationRunner.tsx
FN:4,(anonymous_0)
FNF:1
FNH:0
FNDA:0,(anonymous_0)
DA:4,0
DA:5,0
LF:2
LH:0
BRF:0
BRH:0
end_of_record
TN:
SF:src\components\Settings.tsx
FN:4,(anonymous_0)
FNF:1
FNH:0
FNDA:0,(anonymous_0)
DA:4,0
DA:5,0
LF:2
LH:0
BRF:0
BRH:0
end_of_record
TN:
SF:src\components\SimulationTabs.tsx
FN:8,(anonymous_0)
FN:19,(anonymous_1)
FN:22,(anonymous_2)
FN:39,(anonymous_3)
FN:47,(anonymous_4)
FN:64,(anonymous_5)
FN:78,(anonymous_6)
FN:92,(anonymous_7)
FN:106,(anonymous_8)
FN:118,(anonymous_9)
FN:139,(anonymous_10)
FNF:11
FNH:0
FNDA:0,(anonymous_0)
FNDA:0,(anonymous_1)
FNDA:0,(anonymous_2)
FNDA:0,(anonymous_3)
FNDA:0,(anonymous_4)
FNDA:0,(anonymous_5)
FNDA:0,(anonymous_6)
FNDA:0,(anonymous_7)
FNDA:0,(anonymous_8)
FNDA:0,(anonymous_9)
FNDA:0,(anonymous_10)
DA:8,0
DA:17,0
DA:19,0
DA:20,0
DA:21,0
DA:22,0
DA:24,0
DA:27,0
DA:40,0
DA:47,0
DA:64,0
DA:78,0
DA:92,0
DA:106,0
DA:118,0
DA:140,0
LF:16
LH:0
BRDA:21,0,0,0
BRDA:21,0,1,0
BRDA:119,1,0,0
BRDA:119,1,1,0
BRDA:122,2,0,0
BRDA:122,2,1,0
BRDA:129,3,0,0
BRDA:129,3,1,0
BRF:8
BRH:0
end_of_record
TN:
SF:src\components\StrategyManager.tsx
FN:4,(anonymous_0)
FNF:1
FNH:0
FNDA:0,(anonymous_0)
DA:4,0
DA:5,0
LF:2
LH:0
BRF:0
BRH:0
end_of_record
TN:
SF:src\components\ThemeProvider.tsx
FN:11,(anonymous_0)
FN:23,(anonymous_1)
FN:26,(anonymous_2)
FNF:3
FNH:0
FNDA:0,(anonymous_0)
FNDA:0,(anonymous_1)
FNDA:0,(anonymous_2)
DA:9,0
DA:11,0
DA:12,0
DA:13,0
DA:14,0
DA:16,0
DA:23,0
DA:24,0
DA:26,0
DA:28,0
DA:29,0
DA:30,0
DA:33,0
DA:34,0
DA:35,0
DA:42,0
DA:47,0
LF:17
LH:0
BRDA:13,0,0,0
BRDA:13,0,1,0
BRDA:34,1,0,0
BRDA:34,1,1,0
BRDA:37,2,0,0
BRDA:37,2,1,0
BRF:6
BRH:0
end_of_record
TN:
SF:src\components\Layout\Header.tsx
FN:15,(anonymous_0)
FN:26,(anonymous_1)
FN:37,(anonymous_2)
FN:88,(anonymous_3)
FN:102,(anonymous_4)
FN:112,(anonymous_5)
FN:127,(anonymous_6)
FNF:7
FNH:0
FNDA:0,(anonymous_0)
FNDA:0,(anonymous_1)
FNDA:0,(anonymous_2)
FNDA:0,(anonymous_3)
FNDA:0,(anonymous_4)
FNDA:0,(anonymous_5)
FNDA:0,(anonymous_6)
DA:15,0
DA:16,0
DA:23,0
DA:26,0
DA:27,0
DA:34,0
DA:37,0
DA:40,0
DA:41,0
DA:42,0
DA:44,0
DA:45,0
DA:46,0
DA:47,0
DA:49,0
DA:89,0
DA:90,0
DA:102,0
DA:113,0
DA:114,0
DA:115,0
DA:129,0
LF:22
LH:0
BRDA:23,0,0,0
BRDA:23,0,1,0
BRDA:34,1,0,0
BRDA:34,1,1,0
BRDA:46,2,0,0
BRDA:46,2,1,0
BRDA:47,3,0,0
BRDA:47,3,1,0
BRDA:62,4,0,0
BRDA:62,4,1,0
BRDA:86,5,0,0
BRDA:86,5,1,0
BRDA:89,6,0,0
BRDA:89,6,1,0
BRDA:90,7,0,0
BRDA:90,7,1,0
BRDA:100,8,0,0
BRDA:100,8,1,0
BRDA:100,8,2,0
BRDA:110,9,0,0
BRDA:110,9,1,0
BRDA:110,9,2,0
BRDA:114,10,0,0
BRDA:114,10,1,0
BRF:24
BRH:0
end_of_record
TN:
SF:src\components\Layout\MainLayout.tsx
FN:10,(anonymous_0)
FNF:1
FNH:0
FNDA:0,(anonymous_0)
DA:10,0
DA:11,0
DA:13,0
LF:3
LH:0
BRDA:20,0,0,0
BRDA:20,0,1,0
BRF:2
BRH:0
end_of_record
TN:
SF:src\components\Layout\Sidebar.tsx
FN:58,(anonymous_0)
FN:81,(anonymous_1)
FN:90,(anonymous_2)
FN:97,(anonymous_3)
FN:135,(anonymous_4)
FNF:5
FNH:0
FNDA:0,(anonymous_0)
FNDA:0,(anonymous_1)
FNDA:0,(anonymous_2)
FNDA:0,(anonymous_3)
FNDA:0,(anonymous_4)
DA:15,0
DA:58,0
DA:65,0
DA:66,0
DA:68,0
DA:81,0
DA:91,0
DA:92,0
DA:94,0
DA:97,0
DA:135,0
LF:11
LH:0
BRDA:70,0,0,0
BRDA:70,0,1,0
BRDA:75,1,0,0
BRDA:75,1,1,0
BRDA:84,2,0,0
BRDA:84,2,1,0
BRDA:99,3,0,0
BRDA:99,3,1,0
BRDA:105,4,0,0
BRDA:105,4,1,0
BRDA:118,5,0,0
BRDA:118,5,1,0
BRDA:126,6,0,0
BRDA:126,6,1,0
BRDA:137,7,0,0
BRDA:137,7,1,0
BRDA:143,8,0,0
BRDA:143,8,1,0
BRDA:145,9,0,0
BRDA:145,9,1,0
BRF:20
BRH:0
end_of_record
TN:
SF:src\components\ui\Button.tsx
FN:9,(anonymous_0)
FNF:1
FNH:0
FNDA:0,(anonymous_0)
DA:9,0
DA:15,0
DA:17,0
DA:26,0
DA:33,0
LF:5
LH:0
BRDA:11,0,0,0
BRDA:12,1,0,0
BRF:2
BRH:0
end_of_record
TN:
SF:src\components\ui\Card.tsx
FN:6,(anonymous_0)
FN:18,(anonymous_1)
FN:24,(anonymous_2)
FN:32,(anonymous_3)
FNF:4
FNH:0
FNDA:0,(anonymous_0)
FNDA:0,(anonymous_1)
FNDA:0,(anonymous_2)
FNDA:0,(anonymous_3)
DA:6,0
DA:7,0
DA:18,0
DA:19,0
DA:24,0
DA:25,0
DA:32,0
DA:33,0
LF:8
LH:0
BRF:0
BRH:0
end_of_record
TN:
SF:src\components\ui\Input.tsx
FN:6,(anonymous_0)
FNF:1
FNH:0
FNDA:0,(anonymous_0)
DA:6,0
DA:7,0
LF:2
LH:0
BRF:0
BRH:0
end_of_record
TN:
SF:src\components\ui\Slider.tsx
FN:14,(anonymous_0)
FN:23,(anonymous_1)
FNF:2
FNH:0
FNDA:0,(anonymous_0)
FNDA:0,(anonymous_1)
DA:14,0
DA:23,0
DA:24,0
DA:25,0
DA:28,0
LF:5
LH:0
BRDA:17,0,0,0
BRDA:18,1,0,0
BRDA:19,2,0,0
BRDA:21,3,0,0
BRF:4
BRH:0
end_of_record
TN:
SF:src\stores\permutationStore.ts
FN:42,(anonymous_0)
FN:45,(anonymous_1)
FN:56,(anonymous_2)
FN:61,(anonymous_3)
FN:61,(anonymous_4)
FN:62,(anonymous_5)
FN:66,(anonymous_6)
FN:68,(anonymous_7)
FN:70,(anonymous_8)
FN:71,(anonymous_9)
FN:81,(anonymous_10)
FN:82,(anonymous_11)
FN:101,(anonymous_12)
FN:102,(anonymous_13)
FN:110,(anonymous_14)
FN:111,(anonymous_15)
FN:121,(anonymous_16)
FN:123,(anonymous_17)
FN:124,(anonymous_18)
FN:134,(anonymous_19)
FN:138,(anonymous_20)
FN:139,(anonymous_21)
FN:152,(anonymous_22)
FN:159,(anonymous_23)
FN:167,(anonymous_24)
FN:175,generateParameterCombinations
FNF:26
FNH:0
FNDA:0,(anonymous_0)
FNDA:0,(anonymous_1)
FNDA:0,(anonymous_2)
FNDA:0,(anonymous_3)
FNDA:0,(anonymous_4)
FNDA:0,(anonymous_5)
FNDA:0,(anonymous_6)
FNDA:0,(anonymous_7)
FNDA:0,(anonymous_8)
FNDA:0,(anonymous_9)
FNDA:0,(anonymous_10)
FNDA:0,(anonymous_11)
FNDA:0,(anonymous_12)
FNDA:0,(anonymous_13)
FNDA:0,(anonymous_14)
FNDA:0,(anonymous_15)
FNDA:0,(anonymous_16)
FNDA:0,(anonymous_17)
FNDA:0,(anonymous_18)
FNDA:0,(anonymous_19)
FNDA:0,(anonymous_20)
FNDA:0,(anonymous_21)
FNDA:0,(anonymous_22)
FNDA:0,(anonymous_23)
FNDA:0,(anonymous_24)
FNDA:0,generateParameterCombinations
DA:33,0
DA:40,0
DA:42,0
DA:46,0
DA:56,0
DA:61,0
DA:62,0
DA:66,0
DA:68,0
DA:71,0
DA:72,0
DA:74,0
DA:76,0
DA:78,0
DA:81,0
DA:83,0
DA:88,0
DA:90,0
DA:93,0
DA:94,0
DA:97,0
DA:101,0
DA:103,0
DA:110,0
DA:112,0
DA:117,0
DA:121,0
DA:124,0
DA:125,0
DA:126,0
DA:134,0
DA:139,0
DA:140,0
DA:141,0
DA:142,0
DA:143,0
DA:144,0
DA:145,0
DA:146,0
DA:147,0
DA:148,0
DA:153,0
DA:154,0
DA:155,0
DA:156,0
DA:157,0
DA:158,0
DA:159,0
DA:161,0
DA:167,0
DA:176,0
DA:179,0
DA:180,0
DA:181,0
DA:182,0
DA:183,0
DA:184,0
DA:187,0
DA:188,0
DA:189,0
DA:190,0
DA:191,0
DA:192,0
DA:193,0
DA:209,0
LF:65
LH:0
BRDA:63,0,0,0
BRDA:63,0,1,0
BRDA:72,1,0,0
BRDA:72,1,1,0
BRDA:83,2,0,0
BRDA:83,2,1,0
BRDA:97,3,0,0
BRDA:97,3,1,0
BRDA:103,4,0,0
BRDA:103,4,1,0
BRDA:112,5,0,0
BRDA:112,5,1,0
BRDA:125,6,0,0
BRDA:125,6,1,0
BRDA:140,7,0,0
BRDA:140,7,1,0
BRDA:179,8,0,0
BRDA:179,8,1,0
BRDA:180,9,0,0
BRDA:180,9,1,0
BRDA:181,10,0,0
BRDA:181,10,1,0
BRDA:182,11,0,0
BRDA:182,11,1,0
BRDA:183,12,0,0
BRDA:183,12,1,0
BRDA:184,13,0,0
BRDA:184,13,1,0
BRF:28
BRH:0
end_of_record
TN:
SF:src\stores\simulationStore.ts
FN:69,(anonymous_0)
FN:76,(anonymous_1)
FN:79,(anonymous_2)
FN:85,(anonymous_3)
FN:92,(anonymous_4)
FN:93,(anonymous_5)
FN:100,(anonymous_6)
FN:102,(anonymous_7)
FN:118,(anonymous_8)
FN:150,(anonymous_9)
FN:168,(anonymous_10)
FN:173,(anonymous_11)
FN:200,(anonymous_12)
FN:213,(anonymous_13)
FN:215,(anonymous_14)
FN:215,(anonymous_15)
FN:219,(anonymous_16)
FN:219,(anonymous_17)
FN:220,(anonymous_18)
FN:224,(anonymous_19)
FN:226,(anonymous_20)
FN:228,(anonymous_21)
FN:229,(anonymous_22)
FN:237,(anonymous_23)
FN:241,(anonymous_24)
FN:242,(anonymous_25)
FN:255,(anonymous_26)
FN:260,(anonymous_27)
FN:268,(anonymous_28)
FNF:29
FNH:0
FNDA:0,(anonymous_0)
FNDA:0,(anonymous_1)
FNDA:0,(anonymous_2)
FNDA:0,(anonymous_3)
FNDA:0,(anonymous_4)
FNDA:0,(anonymous_5)
FNDA:0,(anonymous_6)
FNDA:0,(anonymous_7)
FNDA:0,(anonymous_8)
FNDA:0,(anonymous_9)
FNDA:0,(anonymous_10)
FNDA:0,(anonymous_11)
FNDA:0,(anonymous_12)
FNDA:0,(anonymous_13)
FNDA:0,(anonymous_14)
FNDA:0,(anonymous_15)
FNDA:0,(anonymous_16)
FNDA:0,(anonymous_17)
FNDA:0,(anonymous_18)
FNDA:0,(anonymous_19)
FNDA:0,(anonymous_20)
FNDA:0,(anonymous_21)
FNDA:0,(anonymous_22)
FNDA:0,(anonymous_23)
FNDA:0,(anonymous_24)
FNDA:0,(anonymous_25)
FNDA:0,(anonymous_26)
FNDA:0,(anonymous_27)
FNDA:0,(anonymous_28)
DA:51,0
DA:63,0
DA:70,0
DA:74,0
DA:76,0
DA:80,0
DA:81,0
DA:84,0
DA:85,0
DA:86,0
DA:88,0
DA:93,0
DA:94,0
DA:100,0
DA:103,0
DA:105,0
DA:106,0
DA:109,0
DA:111,0
DA:112,0
DA:113,0
DA:116,0
DA:117,0
DA:118,0
DA:119,0
DA:123,0
DA:124,0
DA:125,0
DA:126,0
DA:127,0
DA:130,0
DA:131,0
DA:132,0
DA:135,0
DA:136,0
DA:146,0
DA:147,0
DA:150,0
DA:153,0
DA:156,0
DA:159,0
DA:162,0
DA:166,0
DA:167,0
DA:168,0
DA:173,0
DA:176,0
DA:177,0
DA:178,0
DA:179,0
DA:181,0
DA:185,0
DA:200,0
DA:208,0
DA:209,0
DA:213,0
DA:215,0
DA:219,0
DA:220,0
DA:224,0
DA:226,0
DA:229,0
DA:230,0
DA:231,0
DA:237,0
DA:242,0
DA:243,0
DA:244,0
DA:245,0
DA:246,0
DA:247,0
DA:248,0
DA:249,0
DA:250,0
DA:251,0
DA:256,0
DA:257,0
DA:258,0
DA:259,0
DA:260,0
DA:262,0
DA:268,0
LF:82
LH:0
BRDA:84,0,0,0
BRDA:84,0,1,0
BRDA:102,1,0,0
BRDA:105,2,0,0
BRDA:105,2,1,0
BRDA:162,3,0,0
BRDA:162,3,1,0
BRDA:171,4,0,0
BRDA:171,4,1,0
BRDA:221,5,0,0
BRDA:221,5,1,0
BRDA:230,6,0,0
BRDA:230,6,1,0
BRDA:243,7,0,0
BRDA:243,7,1,0
BRF:15
BRH:0
end_of_record
TN:
SF:src\stores\uiStore.ts
FN:30,(anonymous_0)
FN:33,(anonymous_1)
FN:35,(anonymous_2)
FN:37,(anonymous_3)
FN:39,(anonymous_4)
FN:41,(anonymous_5)
FN:43,(anonymous_6)
FN:45,(anonymous_7)
FN:47,(anonymous_8)
FN:47,(anonymous_9)
FN:51,(anonymous_10)
FN:51,(anonymous_11)
FN:55,(anonymous_12)
FN:55,(anonymous_13)
FN:61,(anonymous_14)
FNF:15
FNH:15
FNDA:1,(anonymous_0)
FNDA:2,(anonymous_1)
FNDA:2,(anonymous_2)
FNDA:4,(anonymous_3)
FNDA:2,(anonymous_4)
FNDA:1,(anonymous_5)
FNDA:1,(anonymous_6)
FNDA:1,(anonymous_7)
FNDA:2,(anonymous_8)
FNDA:2,(anonymous_9)
FNDA:2,(anonymous_10)
FNDA:2,(anonymous_11)
FNDA:2,(anonymous_12)
FNDA:2,(anonymous_13)
FNDA:31,(anonymous_14)
DA:18,1
DA:28,1
DA:30,1
DA:33,2
DA:35,2
DA:37,4
DA:39,2
DA:41,1
DA:43,1
DA:45,1
DA:47,2
DA:51,2
DA:55,2
DA:61,31
LF:14
LH:14
BRDA:48,0,0,1
BRDA:48,0,1,1
BRF:2
BRH:2
end_of_record
TN:
SF:src\types\index.ts
FNF:0
FNH:0
LF:0
LH:0
BRF:0
BRH:0
end_of_record
TN:
SF:src\utils\cn.ts
FN:3,cn
FNF:1
FNH:0
FNDA:0,cn
DA:4,0
LF:1
LH:0
BRF:0
BRH:0
end_of_record
TN:
SF:src\utils\gameLogic.ts
FN:4,mulberry32
FN:5,(anonymous_1)
FN:14,simulateMatch
FN:62,replicateAvg
FN:90,aggregatedTournament
FN:99,(anonymous_5)
FN:100,(anonymous_6)
FN:104,(anonymous_7)
FN:123,(anonymous_8)
FN:128,(anonymous_9)
FN:150,evolvePopulationWeighted
FN:156,(anonymous_11)
FN:157,(anonymous_12)
FN:162,(anonymous_13)
FN:172,(anonymous_14)
FN:176,(anonymous_15)
FN:178,(anonymous_16)
FN:186,(anonymous_17)
FN:191,validatePayoffMatrix
FN:198,generatePermutations
FNF:20
FNH:19
FNDA:10,mulberry32
FNDA:906,(anonymous_1)
FNDA:31,simulateMatch
FNDA:9,replicateAvg
FNDA:2,aggregatedTournament
FNDA:4,(anonymous_5)
FNDA:4,(anonymous_6)
FNDA:4,(anonymous_7)
FNDA:4,(anonymous_8)
FNDA:8,(anonymous_9)
FNDA:1,evolvePopulationWeighted
FNDA:2,(anonymous_11)
FNDA:2,(anonymous_12)
FNDA:2,(anonymous_13)
FNDA:2,(anonymous_14)
FNDA:2,(anonymous_15)
FNDA:0,(anonymous_16)
FNDA:5,(anonymous_17)
FNDA:2,validatePayoffMatrix
FNDA:1,generatePermutations
DA:5,10
DA:6,906
DA:7,906
DA:8,906
DA:9,906
DA:22,31
DA:23,31
DA:24,31
DA:26,31
DA:27,31
DA:29,31
DA:30,400
DA:31,400
DA:34,400
DA:35,400
DA:37,400
DA:38,400
DA:41,400
DA:42,67
DA:43,67
DA:44,333
DA:45,201
DA:46,201
DA:47,132
DA:48,61
DA:49,61
DA:51,71
DA:52,71
DA:55,400
DA:56,400
DA:59,31
DA:71,9
DA:73,9
DA:74,29
DA:75,29
DA:76,29
DA:77,29
DA:78,29
DA:79,29
DA:82,9
DA:99,4
DA:100,4
DA:101,2
DA:102,2
DA:104,2
DA:105,4
DA:106,4
DA:109,2
DA:110,2
DA:112,2
DA:113,4
DA:114,8
DA:115,8
DA:118,8
DA:119,8
DA:123,2
DA:124,4
DA:125,4
DA:126,4
DA:128,4
DA:129,8
DA:130,8
DA:132,8
DA:136,8
DA:137,8
DA:139,8
DA:140,8
DA:143,4
DA:144,4
DA:147,2
DA:155,1
DA:156,2
DA:157,2
DA:159,1
DA:160,1
DA:162,1
DA:163,2
DA:164,2
DA:165,2
DA:166,2
DA:167,2
DA:168,2
DA:171,1
DA:172,1
DA:173,2
DA:176,2
DA:177,1
DA:178,0
DA:179,0
DA:182,1
DA:186,5
DA:188,1
DA:192,2
DA:203,1
DA:205,1
DA:206,1
DA:208,1
DA:209,40
DA:211,40
DA:212,27
DA:213,27
DA:216,13
DA:217,39
DA:221,1
LF:104
LH:102
BRDA:34,0,0,12
BRDA:34,0,1,388
BRDA:34,1,0,12
BRDA:34,1,1,0
BRDA:35,2,0,8
BRDA:35,2,1,392
BRDA:35,3,0,0
BRDA:35,3,1,8
BRDA:37,4,0,268
BRDA:37,4,1,132
BRDA:38,5,0,128
BRDA:38,5,1,272
BRDA:41,6,0,67
BRDA:41,6,1,333
BRDA:41,7,0,400
BRDA:41,7,1,268
BRDA:44,8,0,201
BRDA:44,8,1,132
BRDA:44,9,0,333
BRDA:44,9,1,201
BRDA:47,10,0,61
BRDA:47,10,1,71
BRDA:47,11,0,132
BRDA:47,11,1,132
BRDA:83,12,0,9
BRDA:83,12,1,0
BRDA:84,13,0,9
BRDA:84,13,1,0
BRDA:85,14,0,9
BRDA:85,14,1,0
BRDA:86,15,0,9
BRDA:86,15,1,0
BRDA:124,16,0,4
BRDA:124,16,1,0
BRDA:129,17,0,8
BRDA:129,17,1,0
BRDA:130,18,0,0
BRDA:130,18,1,8
BRDA:132,19,0,4
BRDA:132,19,1,4
BRDA:156,20,0,1
BRDA:156,20,1,0
BRDA:157,21,0,2
BRDA:157,21,1,0
BRDA:164,22,0,2
BRDA:164,22,1,0
BRDA:173,23,0,2
BRDA:173,23,1,0
BRDA:177,24,0,0
BRDA:177,24,1,1
BRDA:178,25,0,0
BRDA:178,25,1,0
BRDA:178,26,0,0
BRDA:178,26,1,0
BRDA:192,27,0,2
BRDA:192,27,1,2
BRDA:192,27,2,2
BRDA:192,27,3,1
BRDA:201,28,0,1
BRDA:203,29,0,0
BRDA:203,29,1,1
BRDA:208,30,0,41
BRDA:208,30,1,40
BRDA:211,31,0,27
BRDA:211,31,1,13
BRF:65
BRH:46
end_of_record
TN:
SF:src\utils\strategies.ts
FN:24,(anonymous_0)
FN:24,(anonymous_1)
FN:30,(anonymous_2)
FN:30,(anonymous_3)
FN:36,(anonymous_4)
FN:36,(anonymous_5)
FN:42,(anonymous_6)
FN:42,(anonymous_7)
FN:52,(anonymous_8)
FN:52,(anonymous_9)
FN:53,(anonymous_10)
FN:61,(anonymous_11)
FN:61,(anonymous_12)
FN:73,(anonymous_13)
FN:73,(anonymous_14)
FN:84,(anonymous_15)
FN:84,(anonymous_16)
FN:93,(anonymous_17)
FN:93,(anonymous_18)
FN:93,(anonymous_19)
FN:102,(anonymous_20)
FN:102,(anonymous_21)
FN:111,(anonymous_22)
FN:111,(anonymous_23)
FN:114,(anonymous_24)
FN:125,(anonymous_25)
FN:125,(anonymous_26)
FN:150,createCustomStrategy
FN:163,(anonymous_28)
FN:174,validateStrategy
FN:181,(anonymous_30)
FN:192,compareStrategies
FN:215,(anonymous_32)
FN:217,(anonymous_33)
FN:218,(anonymous_34)
FNF:35
FNH:10
FNDA:1,(anonymous_0)
FNDA:3,(anonymous_1)
FNDA:1,(anonymous_2)
FNDA:3,(anonymous_3)
FNDA:1,(anonymous_4)
FNDA:3,(anonymous_5)
FNDA:0,(anonymous_6)
FNDA:0,(anonymous_7)
FNDA:0,(anonymous_8)
FNDA:0,(anonymous_9)
FNDA:0,(anonymous_10)
FNDA:0,(anonymous_11)
FNDA:0,(anonymous_12)
FNDA:0,(anonymous_13)
FNDA:0,(anonymous_14)
FNDA:0,(anonymous_15)
FNDA:0,(anonymous_16)
FNDA:0,(anonymous_17)
FNDA:0,(anonymous_18)
FNDA:0,(anonymous_19)
FNDA:0,(anonymous_20)
FNDA:0,(anonymous_21)
FNDA:0,(anonymous_22)
FNDA:0,(anonymous_23)
FNDA:0,(anonymous_24)
FNDA:0,(anonymous_25)
FNDA:0,(anonymous_26)
FNDA:4,createCustomStrategy
FNDA:0,(anonymous_28)
FNDA:3,validateStrategy
FNDA:0,(anonymous_30)
FNDA:3,compareStrategies
FNDA:12,(anonymous_32)
FNDA:0,(anonymous_33)
FNDA:0,(anonymous_34)
DA:4,1
DA:20,1
DA:24,3
DA:30,3
DA:36,3
DA:42,0
DA:43,0
DA:44,0
DA:45,0
DA:52,0
DA:53,0
DA:54,0
DA:61,0
DA:62,0
DA:63,0
DA:64,0
DA:65,0
DA:66,0
DA:73,0
DA:79,1
DA:84,0
DA:93,0
DA:102,0
DA:111,0
DA:112,0
DA:113,0
DA:114,0
DA:115,0
DA:125,0
DA:126,0
DA:127,0
DA:128,0
DA:129,0
DA:130,0
DA:131,0
DA:132,0
DA:133,0
DA:134,0
DA:135,0
DA:136,0
DA:137,0
DA:138,0
DA:147,1
DA:155,4
DA:157,4
DA:159,3
DA:163,0
DA:169,1
DA:175,3
DA:176,3
DA:181,3
DA:182,3
DA:183,2
DA:185,2
DA:187,1
DA:196,3
DA:197,3
DA:200,3
DA:201,3
DA:202,3
DA:205,3
DA:212,3
DA:213,3
DA:215,3
DA:216,12
DA:217,12
DA:218,12
DA:219,12
DA:225,3
DA:227,3
LF:70
LH:33
BRDA:36,0,0,1
BRDA:36,0,1,2
BRDA:36,1,0,3
BRDA:36,1,1,3
BRDA:43,2,0,0
BRDA:43,2,1,0
BRDA:43,3,0,0
BRDA:43,3,1,0
BRDA:45,4,0,0
BRDA:45,4,1,0
BRDA:45,5,0,0
BRDA:45,5,1,0
BRDA:53,6,0,0
BRDA:53,6,1,0
BRDA:54,7,0,0
BRDA:54,7,1,0
BRDA:62,8,0,0
BRDA:62,8,1,0
BRDA:62,9,0,0
BRDA:62,9,1,0
BRDA:64,10,0,0
BRDA:64,10,1,0
BRDA:65,11,0,0
BRDA:65,11,1,0
BRDA:66,12,0,0
BRDA:66,12,1,0
BRDA:66,13,0,0
BRDA:66,13,1,0
BRDA:66,14,0,0
BRDA:66,14,1,0
BRDA:73,15,0,0
BRDA:73,15,1,0
BRDA:84,16,0,0
BRDA:84,16,1,0
BRDA:84,17,0,0
BRDA:84,17,1,0
BRDA:93,18,0,0
BRDA:93,18,1,0
BRDA:93,19,0,0
BRDA:93,19,1,0
BRDA:93,20,0,0
BRDA:93,20,1,0
BRDA:102,21,0,0
BRDA:102,21,1,0
BRDA:102,22,0,0
BRDA:102,22,1,0
BRDA:102,23,0,0
BRDA:102,23,1,0
BRDA:112,24,0,0
BRDA:112,24,1,0
BRDA:112,25,0,0
BRDA:112,25,1,0
BRDA:115,26,0,0
BRDA:115,26,1,0
BRDA:126,27,0,0
BRDA:126,27,1,0
BRDA:126,28,0,0
BRDA:126,28,1,0
BRDA:127,29,0,0
BRDA:127,29,1,0
BRDA:128,30,0,0
BRDA:128,30,1,0
BRDA:129,31,0,0
BRDA:129,31,1,0
BRDA:130,32,0,0
BRDA:130,32,1,0
BRDA:131,33,0,0
BRDA:131,33,1,0
BRDA:132,34,0,0
BRDA:132,34,1,0
BRDA:133,35,0,0
BRDA:133,35,1,0
BRDA:134,36,0,0
BRDA:134,36,1,0
BRDA:135,37,0,0
BRDA:135,37,1,0
BRDA:136,38,0,0
BRDA:136,38,1,0
BRDA:137,39,0,0
BRDA:137,39,1,0
BRDA:153,40,0,3
BRDA:185,41,0,2
BRDA:185,41,1,1
BRDA:185,41,2,1
BRDA:185,41,3,1
BRDA:200,42,0,3
BRDA:200,42,1,0
BRDA:201,43,0,0
BRDA:201,43,1,3
BRDA:202,44,0,0
BRDA:202,44,1,3
BRDA:219,45,0,4
BRDA:219,45,1,8
BRF:93
BRH:14
end_of_record
